{"/mnt/c/Users/robot/VibeCodeTour/pisilist/src/components/AssigneePicker.tsx": {"path":"/mnt/c/Users/robot/VibeCodeTour/pisilist/src/components/AssigneePicker.tsx","statementMap":{"0":{"start":{"line":30,"column":34},"end":{"line":32,"column":14}},"1":{"start":{"line":33,"column":32},"end":{"line":33,"column":46}},"2":{"start":{"line":35,"column":2},"end":{"line":44,"column":50}},"3":{"start":{"line":36,"column":4},"end":{"line":36,"column":25}},"4":{"start":{"line":36,"column":18},"end":{"line":36,"column":25}},"5":{"start":{"line":38,"column":4},"end":{"line":38,"column":21}},"6":{"start":{"line":39,"column":20},"end":{"line":39,"column":61}},"7":{"start":{"line":40,"column":4},"end":{"line":43,"column":7}},"8":{"start":{"line":41,"column":6},"end":{"line":41,"column":23}},"9":{"start":{"line":42,"column":6},"end":{"line":42,"column":24}},"10":{"start":{"line":46,"column":19},"end":{"line":49,"column":3}},"11":{"start":{"line":47,"column":14},"end":{"line":47,"column":31}},"12":{"start":{"line":48,"column":4},"end":{"line":48,"column":53}},"13":{"start":{"line":51,"column":16},"end":{"line":58,"column":3}},"14":{"start":{"line":53,"column":35},"end":{"line":53,"column":64}},"15":{"start":{"line":60,"column":2},"end":{"line":138,"column":4}},"16":{"start":{"line":84,"column":38},"end":{"line":84,"column":62}},"17":{"start":{"line":87,"column":18},"end":{"line":88,"column":46}},"18":{"start":{"line":90,"column":16},"end":{"line":122,"column":18}},"19":{"start":{"line":97,"column":22},"end":{"line":97,"column":41}},"20":{"start":{"line":98,"column":22},"end":{"line":98,"column":32}},"21":{"start":{"line":141,"column":15},"end":{"line":214,"column":2}}},"fnMap":{"0":{"name":"AssigneePicker","decl":{"start":{"line":22,"column":24},"end":{"line":22,"column":38}},"loc":{"start":{"line":29,"column":10},"end":{"line":139,"column":1}},"line":29},"1":{"name":"(anonymous_1)","decl":{"start":{"line":35,"column":12},"end":{"line":35,"column":13}},"loc":{"start":{"line":35,"column":18},"end":{"line":44,"column":3}},"line":35},"2":{"name":"(anonymous_2)","decl":{"start":{"line":40,"column":33},"end":{"line":40,"column":34}},"loc":{"start":{"line":40,"column":42},"end":{"line":43,"column":5}},"line":40},"3":{"name":"(anonymous_3)","decl":{"start":{"line":46,"column":19},"end":{"line":46,"column":20}},"loc":{"start":{"line":46,"column":36},"end":{"line":49,"column":3}},"line":46},"4":{"name":"(anonymous_4)","decl":{"start":{"line":53,"column":25},"end":{"line":53,"column":26}},"loc":{"start":{"line":53,"column":35},"end":{"line":53,"column":64}},"line":53},"5":{"name":"(anonymous_5)","decl":{"start":{"line":84,"column":28},"end":{"line":84,"column":29}},"loc":{"start":{"line":84,"column":38},"end":{"line":84,"column":62}},"line":84},"6":{"name":"(anonymous_6)","decl":{"start":{"line":85,"column":26},"end":{"line":85,"column":27}},"loc":{"start":{"line":85,"column":40},"end":{"line":123,"column":15}},"line":85},"7":{"name":"(anonymous_7)","decl":{"start":{"line":96,"column":29},"end":{"line":96,"column":30}},"loc":{"start":{"line":96,"column":35},"end":{"line":99,"column":21}},"line":96}},"branchMap":{"0":{"loc":{"start":{"line":36,"column":4},"end":{"line":36,"column":25}},"type":"if","locations":[{"start":{"line":36,"column":4},"end":{"line":36,"column":25}},{"start":{},"end":{}}],"line":36},"1":{"loc":{"start":{"line":48,"column":11},"end":{"line":48,"column":52}},"type":"cond-expr","locations":[{"start":{"line":48,"column":15},"end":{"line":48,"column":46}},{"start":{"line":48,"column":49},"end":{"line":48,"column":52}}],"line":48},"2":{"loc":{"start":{"line":55,"column":8},"end":{"line":57,"column":10}},"type":"cond-expr","locations":[{"start":{"line":56,"column":8},"end":{"line":56,"column":52}},{"start":{"line":57,"column":8},"end":{"line":57,"column":10}}],"line":55},"3":{"loc":{"start":{"line":75,"column":11},"end":{"line":126,"column":11}},"type":"cond-expr","locations":[{"start":{"line":76,"column":12},"end":{"line":80,"column":14}},{"start":{"line":82,"column":12},"end":{"line":125,"column":14}}],"line":75},"4":{"loc":{"start":{"line":84,"column":38},"end":{"line":84,"column":62}},"type":"binary-expr","locations":[{"start":{"line":84,"column":38},"end":{"line":84,"column":46}},{"start":{"line":84,"column":50},"end":{"line":84,"column":62}}],"line":84},"5":{"loc":{"start":{"line":87,"column":18},"end":{"line":88,"column":46}},"type":"binary-expr","locations":[{"start":{"line":87,"column":19},"end":{"line":87,"column":36}},{"start":{"line":87,"column":40},"end":{"line":87,"column":56}},{"start":{"line":88,"column":18},"end":{"line":88,"column":46}}],"line":87},"6":{"loc":{"start":{"line":94,"column":22},"end":{"line":94,"column":57}},"type":"binary-expr","locations":[{"start":{"line":94,"column":22},"end":{"line":94,"column":32}},{"start":{"line":94,"column":36},"end":{"line":94,"column":57}}],"line":94},"7":{"loc":{"start":{"line":104,"column":25},"end":{"line":107,"column":31}},"type":"cond-expr","locations":[{"start":{"line":105,"column":28},"end":{"line":106,"column":56}},{"start":{"line":107,"column":28},"end":{"line":107,"column":31}}],"line":104},"8":{"loc":{"start":{"line":105,"column":29},"end":{"line":106,"column":38}},"type":"binary-expr","locations":[{"start":{"line":105,"column":29},"end":{"line":105,"column":64}},{"start":{"line":106,"column":30},"end":{"line":106,"column":38}}],"line":105},"9":{"loc":{"start":{"line":113,"column":24},"end":{"line":113,"column":63}},"type":"binary-expr","locations":[{"start":{"line":113,"column":24},"end":{"line":113,"column":34}},{"start":{"line":113,"column":38},"end":{"line":113,"column":63}}],"line":113},"10":{"loc":{"start":{"line":118,"column":21},"end":{"line":120,"column":21}},"type":"binary-expr","locations":[{"start":{"line":118,"column":21},"end":{"line":118,"column":31}},{"start":{"line":119,"column":22},"end":{"line":119,"column":57}}],"line":118}},"s":{"0":0,"1":0,"2":0,"3":0,"4":0,"5":0,"6":0,"7":0,"8":0,"9":0,"10":0,"11":0,"12":0,"13":0,"14":0,"15":0,"16":0,"17":0,"18":0,"19":0,"20":0,"21":0},"f":{"0":0,"1":0,"2":0,"3":0,"4":0,"5":0,"6":0,"7":0},"b":{"0":[0,0],"1":[0,0],"2":[0,0],"3":[0,0],"4":[0,0],"5":[0,0,0],"6":[0,0],"7":[0,0],"8":[0,0],"9":[0,0],"10":[0,0]}}
,"/mnt/c/Users/robot/VibeCodeTour/pisilist/src/components/CardPreview.tsx": {"path":"/mnt/c/Users/robot/VibeCodeTour/pisilist/src/components/CardPreview.tsx","statementMap":{"0":{"start":{"line":19,"column":19},"end":{"line":19,"column":60}},"1":{"start":{"line":28,"column":25},"end":{"line":28,"column":64}},"2":{"start":{"line":29,"column":19},"end":{"line":29,"column":66}},"3":{"start":{"line":31,"column":2},"end":{"line":70,"column":4}},"4":{"start":{"line":73,"column":15},"end":{"line":141,"column":2}}},"fnMap":{"0":{"name":"CardPreview","decl":{"start":{"line":21,"column":24},"end":{"line":21,"column":35}},"loc":{"start":{"line":27,"column":10},"end":{"line":71,"column":1}},"line":27}},"branchMap":{"0":{"loc":{"start":{"line":23,"column":2},"end":{"line":23,"column":15}},"type":"default-arg","locations":[{"start":{"line":23,"column":14},"end":{"line":23,"column":15}}],"line":23},"1":{"loc":{"start":{"line":24,"column":2},"end":{"line":24,"column":20}},"type":"default-arg","locations":[{"start":{"line":24,"column":19},"end":{"line":24,"column":20}}],"line":24},"2":{"loc":{"start":{"line":29,"column":19},"end":{"line":29,"column":66}},"type":"binary-expr","locations":[{"start":{"line":29,"column":19},"end":{"line":29,"column":32}},{"start":{"line":29,"column":36},"end":{"line":29,"column":66}}],"line":29},"3":{"loc":{"start":{"line":33,"column":27},"end":{"line":33,"column":56}},"type":"binary-expr","locations":[{"start":{"line":33,"column":27},"end":{"line":33,"column":35}},{"start":{"line":33,"column":39},"end":{"line":33,"column":56}}],"line":33},"4":{"loc":{"start":{"line":41,"column":9},"end":{"line":41,"column":58}},"type":"binary-expr","locations":[{"start":{"line":41,"column":9},"end":{"line":41,"column":20}},{"start":{"line":41,"column":24},"end":{"line":41,"column":58}}],"line":41},"5":{"loc":{"start":{"line":44,"column":7},"end":{"line":44,"column":76}},"type":"binary-expr","locations":[{"start":{"line":44,"column":7},"end":{"line":44,"column":15}},{"start":{"line":44,"column":19},"end":{"line":44,"column":76}}],"line":44},"6":{"loc":{"start":{"line":46,"column":7},"end":{"line":52,"column":7}},"type":"binary-expr","locations":[{"start":{"line":46,"column":7},"end":{"line":46,"column":25}},{"start":{"line":47,"column":8},"end":{"line":51,"column":15}}],"line":46},"7":{"loc":{"start":{"line":49,"column":30},"end":{"line":49,"column":69}},"type":"cond-expr","locations":[{"start":{"line":49,"column":53},"end":{"line":49,"column":59}},{"start":{"line":49,"column":62},"end":{"line":49,"column":69}}],"line":49},"8":{"loc":{"start":{"line":54,"column":7},"end":{"line":56,"column":7}},"type":"binary-expr","locations":[{"start":{"line":54,"column":7},"end":{"line":54,"column":25}},{"start":{"line":55,"column":8},"end":{"line":55,"column":70}}],"line":54},"9":{"loc":{"start":{"line":58,"column":7},"end":{"line":60,"column":7}},"type":"binary-expr","locations":[{"start":{"line":58,"column":7},"end":{"line":58,"column":22}},{"start":{"line":59,"column":8},"end":{"line":59,"column":54}}],"line":58},"10":{"loc":{"start":{"line":62,"column":7},"end":{"line":68,"column":7}},"type":"binary-expr","locations":[{"start":{"line":62,"column":7},"end":{"line":62,"column":36}},{"start":{"line":63,"column":8},"end":{"line":67,"column":15}}],"line":62}},"s":{"0":1,"1":13,"2":13,"3":13,"4":1},"f":{"0":13},"b":{"0":[8],"1":[10],"2":[13,2],"3":[13,1],"4":[13,1],"5":[13,1],"6":[13,4],"7":[1,3],"8":[13,3],"9":[13,9],"10":[13,2]},"_coverageSchema":"1a1c01bbd47fc00a2c39e90264f33305004495a9","hash":"6c13b5b7cec71426f67acce03cb6d2319e43c1f8"}
,"/mnt/c/Users/robot/VibeCodeTour/pisilist/src/components/ReminderModal.tsx": {"path":"/mnt/c/Users/robot/VibeCodeTour/pisilist/src/components/ReminderModal.tsx","statementMap":{"0":{"start":{"line":33,"column":38},"end":{"line":33,"column":58}},"1":{"start":{"line":34,"column":38},"end":{"line":34,"column":53}},"2":{"start":{"line":36,"column":27},"end":{"line":47,"column":3}},"3":{"start":{"line":38,"column":4},"end":{"line":46,"column":5}},"4":{"start":{"line":39,"column":6},"end":{"line":39,"column":27}},"5":{"start":{"line":40,"column":6},"end":{"line":43,"column":7}},"6":{"start":{"line":41,"column":8},"end":{"line":41,"column":28}},"7":{"start":{"line":42,"column":8},"end":{"line":42,"column":20}},"8":{"start":{"line":45,"column":6},"end":{"line":45,"column":36}},"9":{"start":{"line":45,"column":16},"end":{"line":45,"column":36}},"10":{"start":{"line":49,"column":28},"end":{"line":57,"column":3}},"11":{"start":{"line":50,"column":4},"end":{"line":56,"column":5}},"12":{"start":{"line":52,"column":21},"end":{"line":52,"column":51}},"13":{"start":{"line":53,"column":6},"end":{"line":53,"column":20}},"14":{"start":{"line":55,"column":6},"end":{"line":55,"column":24}},"15":{"start":{"line":59,"column":21},"end":{"line":71,"column":3}},"16":{"start":{"line":60,"column":20},"end":{"line":65,"column":6}},"17":{"start":{"line":66,"column":20},"end":{"line":69,"column":6}},"18":{"start":{"line":70,"column":4},"end":{"line":70,"column":38}},"19":{"start":{"line":73,"column":2},"end":{"line":172,"column":4}},"20":{"start":{"line":101,"column":16},"end":{"line":112,"column":23}},"21":{"start":{"line":107,"column":35},"end":{"line":107,"column":49}},"22":{"start":{"line":123,"column":29},"end":{"line":123,"column":48}},"23":{"start":{"line":147,"column":18},"end":{"line":147,"column":39}},"24":{"start":{"line":148,"column":18},"end":{"line":148,"column":38}},"25":{"start":{"line":162,"column":16},"end":{"line":162,"column":36}},"26":{"start":{"line":175,"column":15},"end":{"line":280,"column":2}}},"fnMap":{"0":{"name":"ReminderModal","decl":{"start":{"line":25,"column":24},"end":{"line":25,"column":37}},"loc":{"start":{"line":32,"column":10},"end":{"line":173,"column":1}},"line":32},"1":{"name":"(anonymous_1)","decl":{"start":{"line":36,"column":27},"end":{"line":36,"column":28}},"loc":{"start":{"line":36,"column":73},"end":{"line":47,"column":3}},"line":36},"2":{"name":"(anonymous_2)","decl":{"start":{"line":49,"column":28},"end":{"line":49,"column":29}},"loc":{"start":{"line":49,"column":34},"end":{"line":57,"column":3}},"line":49},"3":{"name":"(anonymous_3)","decl":{"start":{"line":59,"column":21},"end":{"line":59,"column":22}},"loc":{"start":{"line":59,"column":34},"end":{"line":71,"column":3}},"line":59},"4":{"name":"(anonymous_4)","decl":{"start":{"line":100,"column":29},"end":{"line":100,"column":30}},"loc":{"start":{"line":101,"column":16},"end":{"line":112,"column":23}},"line":101},"5":{"name":"(anonymous_5)","decl":{"start":{"line":107,"column":29},"end":{"line":107,"column":30}},"loc":{"start":{"line":107,"column":35},"end":{"line":107,"column":49}},"line":107},"6":{"name":"(anonymous_6)","decl":{"start":{"line":123,"column":23},"end":{"line":123,"column":24}},"loc":{"start":{"line":123,"column":29},"end":{"line":123,"column":48}},"line":123},"7":{"name":"(anonymous_7)","decl":{"start":{"line":146,"column":25},"end":{"line":146,"column":26}},"loc":{"start":{"line":146,"column":31},"end":{"line":149,"column":17}},"line":146},"8":{"name":"(anonymous_8)","decl":{"start":{"line":161,"column":23},"end":{"line":161,"column":24}},"loc":{"start":{"line":161,"column":29},"end":{"line":163,"column":15}},"line":161}},"branchMap":{"0":{"loc":{"start":{"line":38,"column":4},"end":{"line":46,"column":5}},"type":"if","locations":[{"start":{"line":38,"column":4},"end":{"line":46,"column":5}},{"start":{"line":44,"column":11},"end":{"line":46,"column":5}}],"line":38},"1":{"loc":{"start":{"line":40,"column":6},"end":{"line":43,"column":7}},"type":"if","locations":[{"start":{"line":40,"column":6},"end":{"line":43,"column":7}},{"start":{},"end":{}}],"line":40},"2":{"loc":{"start":{"line":40,"column":10},"end":{"line":40,"column":39}},"type":"binary-expr","locations":[{"start":{"line":40,"column":10},"end":{"line":40,"column":14}},{"start":{"line":40,"column":18},"end":{"line":40,"column":39}}],"line":40},"3":{"loc":{"start":{"line":45,"column":6},"end":{"line":45,"column":36}},"type":"if","locations":[{"start":{"line":45,"column":6},"end":{"line":45,"column":36}},{"start":{},"end":{}}],"line":45},"4":{"loc":{"start":{"line":50,"column":4},"end":{"line":56,"column":5}},"type":"if","locations":[{"start":{"line":50,"column":4},"end":{"line":56,"column":5}},{"start":{"line":54,"column":11},"end":{"line":56,"column":5}}],"line":50},"5":{"loc":{"start":{"line":97,"column":11},"end":{"line":115,"column":11}},"type":"binary-expr","locations":[{"start":{"line":97,"column":11},"end":{"line":97,"column":31}},{"start":{"line":98,"column":12},"end":{"line":114,"column":19}}],"line":97},"6":{"loc":{"start":{"line":131,"column":13},"end":{"line":140,"column":13}},"type":"binary-expr","locations":[{"start":{"line":131,"column":13},"end":{"line":131,"column":23}},{"start":{"line":132,"column":14},"end":{"line":139,"column":16}}],"line":131},"7":{"loc":{"start":{"line":135,"column":25},"end":{"line":135,"column":70}},"type":"cond-expr","locations":[{"start":{"line":135,"column":49},"end":{"line":135,"column":58}},{"start":{"line":135,"column":61},"end":{"line":135,"column":70}}],"line":135},"8":{"loc":{"start":{"line":143,"column":13},"end":{"line":154,"column":13}},"type":"binary-expr","locations":[{"start":{"line":143,"column":13},"end":{"line":143,"column":34}},{"start":{"line":143,"column":38},"end":{"line":143,"column":48}},{"start":{"line":144,"column":14},"end":{"line":153,"column":33}}],"line":143},"9":{"loc":{"start":{"line":158,"column":11},"end":{"line":168,"column":11}},"type":"binary-expr","locations":[{"start":{"line":158,"column":11},"end":{"line":158,"column":36}},{"start":{"line":159,"column":12},"end":{"line":167,"column":31}}],"line":158}},"s":{"0":0,"1":0,"2":0,"3":0,"4":0,"5":0,"6":0,"7":0,"8":0,"9":0,"10":0,"11":0,"12":0,"13":0,"14":0,"15":0,"16":0,"17":0,"18":0,"19":0,"20":0,"21":0,"22":0,"23":0,"24":0,"25":0,"26":0},"f":{"0":0,"1":0,"2":0,"3":0,"4":0,"5":0,"6":0,"7":0,"8":0},"b":{"0":[0,0],"1":[0,0],"2":[0,0],"3":[0,0],"4":[0,0],"5":[0,0],"6":[0,0],"7":[0,0],"8":[0,0,0],"9":[0,0]}}
,"/mnt/c/Users/robot/VibeCodeTour/pisilist/src/config/firebase.ts": {"path":"/mnt/c/Users/robot/VibeCodeTour/pisilist/src/config/firebase.ts","statementMap":{"0":{"start":{"line":5,"column":23},"end":{"line":12,"column":1}},"1":{"start":{"line":14,"column":0},"end":{"line":18,"column":1}},"2":{"start":{"line":15,"column":2},"end":{"line":17,"column":4}},"3":{"start":{"line":21,"column":12},"end":{"line":21,"column":81}},"4":{"start":{"line":23,"column":20},"end":{"line":23,"column":32}},"5":{"start":{"line":24,"column":18},"end":{"line":24,"column":35}}},"fnMap":{},"branchMap":{"0":{"loc":{"start":{"line":14,"column":0},"end":{"line":18,"column":1}},"type":"if","locations":[{"start":{"line":14,"column":0},"end":{"line":18,"column":1}},{"start":{},"end":{}}],"line":14},"1":{"loc":{"start":{"line":14,"column":4},"end":{"line":14,"column":55}},"type":"binary-expr","locations":[{"start":{"line":14,"column":4},"end":{"line":14,"column":26}},{"start":{"line":14,"column":30},"end":{"line":14,"column":55}}],"line":14},"2":{"loc":{"start":{"line":21,"column":12},"end":{"line":21,"column":81}},"type":"cond-expr","locations":[{"start":{"line":21,"column":37},"end":{"line":21,"column":66}},{"start":{"line":21,"column":69},"end":{"line":21,"column":81}}],"line":21}},"s":{"0":6,"1":6,"2":0,"3":6,"4":6,"5":6},"f":{},"b":{"0":[0,6],"1":[6,6],"2":[6,0]},"_coverageSchema":"1a1c01bbd47fc00a2c39e90264f33305004495a9","hash":"f6d3301ccc2747d0c8ece518ca697d1797dab84b"}
,"/mnt/c/Users/robot/VibeCodeTour/pisilist/src/contexts/AuthContext.tsx": {"path":"/mnt/c/Users/robot/VibeCodeTour/pisilist/src/contexts/AuthContext.tsx","statementMap":{"0":{"start":{"line":11,"column":20},"end":{"line":15,"column":2}},"1":{"start":{"line":18,"column":28},"end":{"line":22,"column":4}},"2":{"start":{"line":24,"column":2},"end":{"line":34,"column":9}},"3":{"start":{"line":25,"column":24},"end":{"line":31,"column":6}},"4":{"start":{"line":26,"column":6},"end":{"line":30,"column":9}},"5":{"start":{"line":33,"column":4},"end":{"line":33,"column":23}},"6":{"start":{"line":36,"column":2},"end":{"line":36,"column":79}},"7":{"start":{"line":41,"column":2},"end":{"line":41,"column":33}}},"fnMap":{"0":{"name":"AuthProvider","decl":{"start":{"line":17,"column":16},"end":{"line":17,"column":28}},"loc":{"start":{"line":17,"column":74},"end":{"line":37,"column":1}},"line":17},"1":{"name":"(anonymous_1)","decl":{"start":{"line":24,"column":12},"end":{"line":24,"column":13}},"loc":{"start":{"line":24,"column":18},"end":{"line":34,"column":3}},"line":24},"2":{"name":"(anonymous_2)","decl":{"start":{"line":25,"column":49},"end":{"line":25,"column":50}},"loc":{"start":{"line":25,"column":59},"end":{"line":31,"column":5}},"line":25},"3":{"name":"useAuth","decl":{"start":{"line":40,"column":16},"end":{"line":40,"column":23}},"loc":{"start":{"line":40,"column":37},"end":{"line":42,"column":1}},"line":40}},"branchMap":{},"s":{"0":1,"1":2,"2":2,"3":2,"4":0,"5":2,"6":2,"7":2},"f":{"0":2,"1":2,"2":0,"3":2},"b":{},"_coverageSchema":"1a1c01bbd47fc00a2c39e90264f33305004495a9","hash":"8606c6ae5fcba4d3044816b876a3686e2d14f637"}
,"/mnt/c/Users/robot/VibeCodeTour/pisilist/src/contexts/CardsContext.tsx": {"path":"/mnt/c/Users/robot/VibeCodeTour/pisilist/src/contexts/CardsContext.tsx","statementMap":{"0":{"start":{"line":13,"column":21},"end":{"line":17,"column":2}},"1":{"start":{"line":20,"column":19},"end":{"line":20,"column":28}},"2":{"start":{"line":21,"column":28},"end":{"line":25,"column":4}},"3":{"start":{"line":27,"column":2},"end":{"line":61,"column":13}},"4":{"start":{"line":28,"column":4},"end":{"line":31,"column":5}},"5":{"start":{"line":29,"column":6},"end":{"line":29,"column":59}},"6":{"start":{"line":30,"column":6},"end":{"line":30,"column":13}},"7":{"start":{"line":33,"column":4},"end":{"line":33,"column":53}},"8":{"start":{"line":33,"column":24},"end":{"line":33,"column":50}},"9":{"start":{"line":35,"column":14},"end":{"line":35,"column":34}},"10":{"start":{"line":36,"column":24},"end":{"line":58,"column":5}},"11":{"start":{"line":39,"column":25},"end":{"line":41,"column":9}},"12":{"start":{"line":40,"column":10},"end":{"line":40,"column":35}},"13":{"start":{"line":43,"column":22},"end":{"line":47,"column":9}},"14":{"start":{"line":45,"column":12},"end":{"line":46,"column":46}},"15":{"start":{"line":49,"column":8},"end":{"line":52,"column":11}},"16":{"start":{"line":50,"column":10},"end":{"line":50,"column":62}},"17":{"start":{"line":50,"column":37},"end":{"line":50,"column":62}},"18":{"start":{"line":51,"column":10},"end":{"line":51,"column":63}},"19":{"start":{"line":53,"column":8},"end":{"line":53,"column":57}},"20":{"start":{"line":56,"column":8},"end":{"line":56,"column":68}},"21":{"start":{"line":60,"column":4},"end":{"line":60,"column":23}},"22":{"start":{"line":63,"column":2},"end":{"line":65,"column":4}},"23":{"start":{"line":70,"column":2},"end":{"line":70,"column":34}}},"fnMap":{"0":{"name":"CardsProvider","decl":{"start":{"line":19,"column":16},"end":{"line":19,"column":29}},"loc":{"start":{"line":19,"column":75},"end":{"line":66,"column":1}},"line":19},"1":{"name":"(anonymous_1)","decl":{"start":{"line":27,"column":12},"end":{"line":27,"column":13}},"loc":{"start":{"line":27,"column":18},"end":{"line":61,"column":3}},"line":27},"2":{"name":"(anonymous_2)","decl":{"start":{"line":33,"column":13},"end":{"line":33,"column":14}},"loc":{"start":{"line":33,"column":24},"end":{"line":33,"column":50}},"line":33},"3":{"name":"(anonymous_3)","decl":{"start":{"line":38,"column":6},"end":{"line":38,"column":7}},"loc":{"start":{"line":38,"column":20},"end":{"line":54,"column":7}},"line":38},"4":{"name":"(anonymous_4)","decl":{"start":{"line":39,"column":43},"end":{"line":39,"column":44}},"loc":{"start":{"line":40,"column":10},"end":{"line":40,"column":35}},"line":40},"5":{"name":"(anonymous_5)","decl":{"start":{"line":44,"column":10},"end":{"line":44,"column":11}},"loc":{"start":{"line":45,"column":12},"end":{"line":46,"column":46}},"line":45},"6":{"name":"(anonymous_6)","decl":{"start":{"line":49,"column":19},"end":{"line":49,"column":20}},"loc":{"start":{"line":49,"column":29},"end":{"line":52,"column":9}},"line":49},"7":{"name":"(anonymous_7)","decl":{"start":{"line":55,"column":6},"end":{"line":55,"column":7}},"loc":{"start":{"line":55,"column":15},"end":{"line":57,"column":7}},"line":55},"8":{"name":"useCards","decl":{"start":{"line":69,"column":16},"end":{"line":69,"column":24}},"loc":{"start":{"line":69,"column":39},"end":{"line":71,"column":1}},"line":69}},"branchMap":{"0":{"loc":{"start":{"line":28,"column":4},"end":{"line":31,"column":5}},"type":"if","locations":[{"start":{"line":28,"column":4},"end":{"line":31,"column":5}},{"start":{},"end":{}}],"line":28},"1":{"loc":{"start":{"line":45,"column":12},"end":{"line":46,"column":46}},"type":"binary-expr","locations":[{"start":{"line":45,"column":12},"end":{"line":45,"column":34}},{"start":{"line":46,"column":12},"end":{"line":46,"column":46}}],"line":45},"2":{"loc":{"start":{"line":50,"column":10},"end":{"line":50,"column":62}},"type":"if","locations":[{"start":{"line":50,"column":10},"end":{"line":50,"column":62}},{"start":{},"end":{}}],"line":50},"3":{"loc":{"start":{"line":50,"column":44},"end":{"line":50,"column":61}},"type":"cond-expr","locations":[{"start":{"line":50,"column":55},"end":{"line":50,"column":57}},{"start":{"line":50,"column":60},"end":{"line":50,"column":61}}],"line":50}},"s":{"0":0,"1":0,"2":0,"3":0,"4":0,"5":0,"6":0,"7":0,"8":0,"9":0,"10":0,"11":0,"12":0,"13":0,"14":0,"15":0,"16":0,"17":0,"18":0,"19":0,"20":0,"21":0,"22":0,"23":0},"f":{"0":0,"1":0,"2":0,"3":0,"4":0,"5":0,"6":0,"7":0,"8":0},"b":{"0":[0,0],"1":[0,0],"2":[0,0],"3":[0,0]}}
,"/mnt/c/Users/robot/VibeCodeTour/pisilist/src/contexts/InvitationsContext.tsx": {"path":"/mnt/c/Users/robot/VibeCodeTour/pisilist/src/contexts/InvitationsContext.tsx","statementMap":{"0":{"start":{"line":11,"column":27},"end":{"line":14,"column":2}},"1":{"start":{"line":21,"column":19},"end":{"line":21,"column":28}},"2":{"start":{"line":22,"column":28},"end":{"line":25,"column":4}},"3":{"start":{"line":27,"column":2},"end":{"line":45,"column":13}},"4":{"start":{"line":28,"column":4},"end":{"line":31,"column":5}},"5":{"start":{"line":29,"column":6},"end":{"line":29,"column":52}},"6":{"start":{"line":30,"column":6},"end":{"line":30,"column":13}},"7":{"start":{"line":33,"column":24},"end":{"line":42,"column":5}},"8":{"start":{"line":36,"column":8},"end":{"line":36,"column":50}},"9":{"start":{"line":39,"column":8},"end":{"line":39,"column":66}},"10":{"start":{"line":40,"column":8},"end":{"line":40,"column":54}},"11":{"start":{"line":44,"column":4},"end":{"line":44,"column":23}},"12":{"start":{"line":47,"column":2},"end":{"line":51,"column":4}},"13":{"start":{"line":56,"column":2},"end":{"line":56,"column":40}}},"fnMap":{"0":{"name":"InvitationsProvider","decl":{"start":{"line":16,"column":16},"end":{"line":16,"column":35}},"loc":{"start":{"line":20,"column":3},"end":{"line":52,"column":1}},"line":20},"1":{"name":"(anonymous_1)","decl":{"start":{"line":27,"column":12},"end":{"line":27,"column":13}},"loc":{"start":{"line":27,"column":18},"end":{"line":45,"column":3}},"line":27},"2":{"name":"(anonymous_2)","decl":{"start":{"line":35,"column":6},"end":{"line":35,"column":7}},"loc":{"start":{"line":35,"column":23},"end":{"line":37,"column":7}},"line":35},"3":{"name":"(anonymous_3)","decl":{"start":{"line":38,"column":6},"end":{"line":38,"column":7}},"loc":{"start":{"line":38,"column":15},"end":{"line":41,"column":7}},"line":38},"4":{"name":"useInvitations","decl":{"start":{"line":55,"column":16},"end":{"line":55,"column":30}},"loc":{"start":{"line":55,"column":51},"end":{"line":57,"column":1}},"line":55}},"branchMap":{"0":{"loc":{"start":{"line":28,"column":4},"end":{"line":31,"column":5}},"type":"if","locations":[{"start":{"line":28,"column":4},"end":{"line":31,"column":5}},{"start":{},"end":{}}],"line":28}},"s":{"0":0,"1":0,"2":0,"3":0,"4":0,"5":0,"6":0,"7":0,"8":0,"9":0,"10":0,"11":0,"12":0,"13":0},"f":{"0":0,"1":0,"2":0,"3":0,"4":0},"b":{"0":[0,0]}}
,"/mnt/c/Users/robot/VibeCodeTour/pisilist/src/navigation/AppNavigator.tsx": {"path":"/mnt/c/Users/robot/VibeCodeTour/pisilist/src/navigation/AppNavigator.tsx","statementMap":{"0":{"start":{"line":24,"column":18},"end":{"line":24,"column":66}},"1":{"start":{"line":25,"column":17},"end":{"line":25,"column":64}},"2":{"start":{"line":28,"column":2},"end":{"line":38,"column":4}},"3":{"start":{"line":42,"column":2},"end":{"line":52,"column":4}},"4":{"start":{"line":56,"column":39},"end":{"line":56,"column":48}},"5":{"start":{"line":58,"column":2},"end":{"line":66,"column":3}},"6":{"start":{"line":59,"column":4},"end":{"line":65,"column":6}},"7":{"start":{"line":68,"column":2},"end":{"line":68,"column":64}}},"fnMap":{"0":{"name":"AuthNavigator","decl":{"start":{"line":27,"column":9},"end":{"line":27,"column":22}},"loc":{"start":{"line":27,"column":25},"end":{"line":39,"column":1}},"line":27},"1":{"name":"AppNavigator","decl":{"start":{"line":41,"column":9},"end":{"line":41,"column":21}},"loc":{"start":{"line":41,"column":24},"end":{"line":53,"column":1}},"line":41},"2":{"name":"RootNavigator","decl":{"start":{"line":55,"column":24},"end":{"line":55,"column":37}},"loc":{"start":{"line":55,"column":40},"end":{"line":69,"column":1}},"line":55}},"branchMap":{"0":{"loc":{"start":{"line":58,"column":2},"end":{"line":66,"column":3}},"type":"if","locations":[{"start":{"line":58,"column":2},"end":{"line":66,"column":3}},{"start":{},"end":{}}],"line":58},"1":{"loc":{"start":{"line":68,"column":9},"end":{"line":68,"column":63}},"type":"cond-expr","locations":[{"start":{"line":68,"column":27},"end":{"line":68,"column":43}},{"start":{"line":68,"column":46},"end":{"line":68,"column":63}}],"line":68}},"s":{"0":0,"1":0,"2":0,"3":0,"4":0,"5":0,"6":0,"7":0},"f":{"0":0,"1":0,"2":0},"b":{"0":[0,0],"1":[0,0]}}
,"/mnt/c/Users/robot/VibeCodeTour/pisilist/src/screens/CardDetailScreen.tsx": {"path":"/mnt/c/Users/robot/VibeCodeTour/pisilist/src/screens/CardDetailScreen.tsx","statementMap":{"0":{"start":{"line":49,"column":21},"end":{"line":49,"column":55}},"1":{"start":{"line":50,"column":19},"end":{"line":50,"column":28}},"2":{"start":{"line":51,"column":17},"end":{"line":51,"column":36}},"3":{"start":{"line":53,"column":26},"end":{"line":53,"column":53}},"4":{"start":{"line":54,"column":28},"end":{"line":54,"column":48}},"5":{"start":{"line":55,"column":32},"end":{"line":55,"column":46}},"6":{"start":{"line":56,"column":42},"end":{"line":56,"column":57}},"7":{"start":{"line":57,"column":38},"end":{"line":57,"column":50}},"8":{"start":{"line":58,"column":40},"end":{"line":58,"column":52}},"9":{"start":{"line":59,"column":38},"end":{"line":59,"column":53}},"10":{"start":{"line":60,"column":40},"end":{"line":60,"column":54}},"11":{"start":{"line":63,"column":44},"end":{"line":63,"column":59}},"12":{"start":{"line":64,"column":40},"end":{"line":64,"column":52}},"13":{"start":{"line":65,"column":34},"end":{"line":65,"column":49}},"14":{"start":{"line":67,"column":42},"end":{"line":67,"column":69}},"15":{"start":{"line":68,"column":42},"end":{"line":68,"column":69}},"16":{"start":{"line":71,"column":46},"end":{"line":73,"column":14}},"17":{"start":{"line":76,"column":2},"end":{"line":92,"column":27}},"18":{"start":{"line":77,"column":20},"end":{"line":77,"column":44}},"19":{"start":{"line":78,"column":24},"end":{"line":90,"column":5}},"20":{"start":{"line":81,"column":8},"end":{"line":86,"column":9}},"21":{"start":{"line":82,"column":10},"end":{"line":84,"column":13}},"22":{"start":{"line":83,"column":41},"end":{"line":83,"column":60}},"23":{"start":{"line":85,"column":10},"end":{"line":85,"column":17}},"24":{"start":{"line":87,"column":8},"end":{"line":87,"column":49}},"25":{"start":{"line":89,"column":15},"end":{"line":89,"column":48}},"26":{"start":{"line":91,"column":4},"end":{"line":91,"column":23}},"27":{"start":{"line":95,"column":2},"end":{"line":112,"column":15}},"28":{"start":{"line":96,"column":14},"end":{"line":96,"column":32}},"29":{"start":{"line":97,"column":24},"end":{"line":110,"column":5}},"30":{"start":{"line":100,"column":25},"end":{"line":102,"column":9}},"31":{"start":{"line":101,"column":10},"end":{"line":101,"column":35}},"32":{"start":{"line":103,"column":8},"end":{"line":103,"column":27}},"33":{"start":{"line":104,"column":8},"end":{"line":104,"column":26}},"34":{"start":{"line":107,"column":8},"end":{"line":107,"column":42}},"35":{"start":{"line":108,"column":8},"end":{"line":108,"column":26}},"36":{"start":{"line":111,"column":4},"end":{"line":111,"column":23}},"37":{"start":{"line":115,"column":2},"end":{"line":121,"column":54}},"38":{"start":{"line":116,"column":4},"end":{"line":116,"column":22}},"39":{"start":{"line":116,"column":15},"end":{"line":116,"column":22}},"40":{"start":{"line":117,"column":17},"end":{"line":119,"column":5}},"41":{"start":{"line":120,"column":4},"end":{"line":120,"column":49}},"42":{"start":{"line":124,"column":26},"end":{"line":134,"column":3}},"43":{"start":{"line":125,"column":21},"end":{"line":125,"column":38}},"44":{"start":{"line":126,"column":4},"end":{"line":132,"column":5}},"45":{"start":{"line":127,"column":6},"end":{"line":131,"column":7}},"46":{"start":{"line":128,"column":8},"end":{"line":128,"column":54}},"47":{"start":{"line":130,"column":8},"end":{"line":130,"column":42}},"48":{"start":{"line":133,"column":4},"end":{"line":133,"column":27}},"49":{"start":{"line":136,"column":27},"end":{"line":156,"column":3}},"50":{"start":{"line":137,"column":4},"end":{"line":155,"column":6}},"51":{"start":{"line":146,"column":12},"end":{"line":151,"column":13}},"52":{"start":{"line":147,"column":14},"end":{"line":147,"column":39}},"53":{"start":{"line":148,"column":14},"end":{"line":148,"column":34}},"54":{"start":{"line":150,"column":14},"end":{"line":150,"column":48}},"55":{"start":{"line":159,"column":23},"end":{"line":165,"column":3}},"56":{"start":{"line":160,"column":4},"end":{"line":164,"column":5}},"57":{"start":{"line":161,"column":6},"end":{"line":161,"column":57}},"58":{"start":{"line":163,"column":6},"end":{"line":163,"column":40}},"59":{"start":{"line":167,"column":27},"end":{"line":182,"column":3}},"60":{"start":{"line":168,"column":4},"end":{"line":181,"column":7}},"61":{"start":{"line":174,"column":10},"end":{"line":178,"column":11}},"62":{"start":{"line":175,"column":12},"end":{"line":175,"column":62}},"63":{"start":{"line":177,"column":12},"end":{"line":177,"column":46}},"64":{"start":{"line":184,"column":24},"end":{"line":195,"column":3}},"65":{"start":{"line":185,"column":17},"end":{"line":185,"column":35}},"66":{"start":{"line":186,"column":4},"end":{"line":186,"column":22}},"67":{"start":{"line":186,"column":15},"end":{"line":186,"column":22}},"68":{"start":{"line":187,"column":4},"end":{"line":187,"column":24}},"69":{"start":{"line":188,"column":4},"end":{"line":193,"column":5}},"70":{"start":{"line":189,"column":6},"end":{"line":189,"column":37}},"71":{"start":{"line":190,"column":6},"end":{"line":190,"column":25}},"72":{"start":{"line":192,"column":6},"end":{"line":192,"column":40}},"73":{"start":{"line":194,"column":4},"end":{"line":194,"column":25}},"74":{"start":{"line":198,"column":23},"end":{"line":216,"column":3}},"75":{"start":{"line":199,"column":18},"end":{"line":199,"column":36}},"76":{"start":{"line":200,"column":4},"end":{"line":200,"column":48}},"77":{"start":{"line":200,"column":41},"end":{"line":200,"column":48}},"78":{"start":{"line":202,"column":4},"end":{"line":202,"column":22}},"79":{"start":{"line":203,"column":4},"end":{"line":214,"column":5}},"80":{"start":{"line":204,"column":6},"end":{"line":208,"column":9}},"81":{"start":{"line":209,"column":6},"end":{"line":209,"column":30}},"82":{"start":{"line":210,"column":6},"end":{"line":210,"column":25}},"83":{"start":{"line":211,"column":6},"end":{"line":211,"column":58}},"84":{"start":{"line":213,"column":6},"end":{"line":213,"column":40}},"85":{"start":{"line":215,"column":4},"end":{"line":215,"column":23}},"86":{"start":{"line":219,"column":23},"end":{"line":230,"column":3}},"87":{"start":{"line":220,"column":4},"end":{"line":220,"column":30}},"88":{"start":{"line":220,"column":23},"end":{"line":220,"column":30}},"89":{"start":{"line":221,"column":26},"end":{"line":223,"column":12}},"90":{"start":{"line":224,"column":4},"end":{"line":228,"column":5}},"91":{"start":{"line":225,"column":6},"end":{"line":225,"column":77}},"92":{"start":{"line":227,"column":6},"end":{"line":227,"column":40}},"93":{"start":{"line":229,"column":4},"end":{"line":229,"column":26}},"94":{"start":{"line":233,"column":28},"end":{"line":258,"column":3}},"95":{"start":{"line":234,"column":4},"end":{"line":234,"column":39}},"96":{"start":{"line":234,"column":32},"end":{"line":234,"column":39}},"97":{"start":{"line":236,"column":31},"end":{"line":239,"column":5}},"98":{"start":{"line":242,"column":20},"end":{"line":247,"column":5}},"99":{"start":{"line":250,"column":26},"end":{"line":250,"column":66}},"100":{"start":{"line":252,"column":20},"end":{"line":252,"column":62}},"101":{"start":{"line":253,"column":4},"end":{"line":257,"column":5}},"102":{"start":{"line":254,"column":6},"end":{"line":254,"column":66}},"103":{"start":{"line":256,"column":6},"end":{"line":256,"column":40}},"104":{"start":{"line":260,"column":31},"end":{"line":278,"column":3}},"105":{"start":{"line":261,"column":4},"end":{"line":261,"column":30}},"106":{"start":{"line":261,"column":23},"end":{"line":261,"column":30}},"107":{"start":{"line":263,"column":19},"end":{"line":265,"column":5}},"108":{"start":{"line":264,"column":13},"end":{"line":264,"column":32}},"109":{"start":{"line":266,"column":4},"end":{"line":268,"column":5}},"110":{"start":{"line":267,"column":6},"end":{"line":267,"column":65}},"111":{"start":{"line":270,"column":20},"end":{"line":272,"column":5}},"112":{"start":{"line":271,"column":13},"end":{"line":271,"column":32}},"113":{"start":{"line":273,"column":4},"end":{"line":277,"column":5}},"114":{"start":{"line":274,"column":6},"end":{"line":274,"column":66}},"115":{"start":{"line":276,"column":6},"end":{"line":276,"column":40}},"116":{"start":{"line":281,"column":22},"end":{"line":284,"column":3}},"117":{"start":{"line":282,"column":14},"end":{"line":282,"column":37}},"118":{"start":{"line":283,"column":4},"end":{"line":283,"column":58}},"119":{"start":{"line":286,"column":18},"end":{"line":286,"column":45}},"120":{"start":{"line":288,"column":20},"end":{"line":288,"column":53}},"121":{"start":{"line":288,"column":40},"end":{"line":288,"column":52}},"122":{"start":{"line":289,"column":18},"end":{"line":289,"column":50}},"123":{"start":{"line":289,"column":38},"end":{"line":289,"column":49}},"124":{"start":{"line":291,"column":2},"end":{"line":297,"column":3}},"125":{"start":{"line":292,"column":4},"end":{"line":296,"column":6}},"126":{"start":{"line":299,"column":2},"end":{"line":517,"column":4}},"127":{"start":{"line":304,"column":25},"end":{"line":304,"column":44}},"128":{"start":{"line":324,"column":14},"end":{"line":324,"column":47}},"129":{"start":{"line":325,"column":14},"end":{"line":325,"column":36}},"130":{"start":{"line":350,"column":12},"end":{"line":354,"column":19}},"131":{"start":{"line":359,"column":29},"end":{"line":359,"column":51}},"132":{"start":{"line":374,"column":34},"end":{"line":374,"column":41}},"133":{"start":{"line":382,"column":12},"end":{"line":388,"column":14}},"134":{"start":{"line":384,"column":30},"end":{"line":384,"column":48}},"135":{"start":{"line":385,"column":30},"end":{"line":385,"column":52}},"136":{"start":{"line":386,"column":30},"end":{"line":386,"column":51}},"137":{"start":{"line":387,"column":33},"end":{"line":387,"column":54}},"138":{"start":{"line":396,"column":35},"end":{"line":396,"column":63}},"139":{"start":{"line":408,"column":22},"end":{"line":416,"column":24}},"140":{"start":{"line":412,"column":40},"end":{"line":412,"column":58}},"141":{"start":{"line":413,"column":40},"end":{"line":413,"column":62}},"142":{"start":{"line":414,"column":40},"end":{"line":414,"column":61}},"143":{"start":{"line":415,"column":43},"end":{"line":415,"column":64}},"144":{"start":{"line":454,"column":30},"end":{"line":454,"column":53}},"145":{"start":{"line":476,"column":18},"end":{"line":476,"column":42}},"146":{"start":{"line":477,"column":18},"end":{"line":477,"column":37}},"147":{"start":{"line":500,"column":23},"end":{"line":500,"column":44}},"148":{"start":{"line":512,"column":23},"end":{"line":512,"column":44}},"149":{"start":{"line":536,"column":2},"end":{"line":592,"column":4}},"150":{"start":{"line":596,"column":15},"end":{"line":800,"column":2}}},"fnMap":{"0":{"name":"CardDetailScreen","decl":{"start":{"line":48,"column":24},"end":{"line":48,"column":40}},"loc":{"start":{"line":48,"column":71},"end":{"line":518,"column":1}},"line":48},"1":{"name":"(anonymous_1)","decl":{"start":{"line":76,"column":12},"end":{"line":76,"column":13}},"loc":{"start":{"line":76,"column":18},"end":{"line":92,"column":3}},"line":76},"2":{"name":"(anonymous_2)","decl":{"start":{"line":80,"column":6},"end":{"line":80,"column":7}},"loc":{"start":{"line":80,"column":16},"end":{"line":88,"column":7}},"line":80},"3":{"name":"(anonymous_3)","decl":{"start":{"line":83,"column":35},"end":{"line":83,"column":36}},"loc":{"start":{"line":83,"column":41},"end":{"line":83,"column":60}},"line":83},"4":{"name":"(anonymous_4)","decl":{"start":{"line":89,"column":6},"end":{"line":89,"column":7}},"loc":{"start":{"line":89,"column":15},"end":{"line":89,"column":48}},"line":89},"5":{"name":"(anonymous_5)","decl":{"start":{"line":95,"column":12},"end":{"line":95,"column":13}},"loc":{"start":{"line":95,"column":18},"end":{"line":112,"column":3}},"line":95},"6":{"name":"(anonymous_6)","decl":{"start":{"line":99,"column":6},"end":{"line":99,"column":7}},"loc":{"start":{"line":99,"column":20},"end":{"line":105,"column":7}},"line":99},"7":{"name":"(anonymous_7)","decl":{"start":{"line":100,"column":43},"end":{"line":100,"column":44}},"loc":{"start":{"line":101,"column":10},"end":{"line":101,"column":35}},"line":101},"8":{"name":"(anonymous_8)","decl":{"start":{"line":106,"column":6},"end":{"line":106,"column":7}},"loc":{"start":{"line":106,"column":15},"end":{"line":109,"column":7}},"line":106},"9":{"name":"(anonymous_9)","decl":{"start":{"line":115,"column":12},"end":{"line":115,"column":13}},"loc":{"start":{"line":115,"column":18},"end":{"line":121,"column":3}},"line":115},"10":{"name":"(anonymous_10)","decl":{"start":{"line":124,"column":26},"end":{"line":124,"column":27}},"loc":{"start":{"line":124,"column":38},"end":{"line":134,"column":3}},"line":124},"11":{"name":"(anonymous_11)","decl":{"start":{"line":136,"column":27},"end":{"line":136,"column":28}},"loc":{"start":{"line":136,"column":33},"end":{"line":156,"column":3}},"line":136},"12":{"name":"(anonymous_12)","decl":{"start":{"line":145,"column":19},"end":{"line":145,"column":20}},"loc":{"start":{"line":145,"column":31},"end":{"line":152,"column":11}},"line":145},"13":{"name":"(anonymous_13)","decl":{"start":{"line":159,"column":23},"end":{"line":159,"column":24}},"loc":{"start":{"line":159,"column":45},"end":{"line":165,"column":3}},"line":159},"14":{"name":"(anonymous_14)","decl":{"start":{"line":167,"column":27},"end":{"line":167,"column":28}},"loc":{"start":{"line":167,"column":43},"end":{"line":182,"column":3}},"line":167},"15":{"name":"(anonymous_15)","decl":{"start":{"line":173,"column":17},"end":{"line":173,"column":18}},"loc":{"start":{"line":173,"column":29},"end":{"line":179,"column":9}},"line":173},"16":{"name":"(anonymous_16)","decl":{"start":{"line":184,"column":24},"end":{"line":184,"column":25}},"loc":{"start":{"line":184,"column":36},"end":{"line":195,"column":3}},"line":184},"17":{"name":"(anonymous_17)","decl":{"start":{"line":198,"column":23},"end":{"line":198,"column":24}},"loc":{"start":{"line":198,"column":35},"end":{"line":216,"column":3}},"line":198},"18":{"name":"(anonymous_18)","decl":{"start":{"line":219,"column":23},"end":{"line":219,"column":24}},"loc":{"start":{"line":219,"column":53},"end":{"line":230,"column":3}},"line":219},"19":{"name":"(anonymous_19)","decl":{"start":{"line":233,"column":28},"end":{"line":233,"column":29}},"loc":{"start":{"line":233,"column":55},"end":{"line":258,"column":3}},"line":233},"20":{"name":"(anonymous_20)","decl":{"start":{"line":260,"column":31},"end":{"line":260,"column":32}},"loc":{"start":{"line":260,"column":61},"end":{"line":278,"column":3}},"line":260},"21":{"name":"(anonymous_21)","decl":{"start":{"line":264,"column":6},"end":{"line":264,"column":7}},"loc":{"start":{"line":264,"column":13},"end":{"line":264,"column":32}},"line":264},"22":{"name":"(anonymous_22)","decl":{"start":{"line":271,"column":6},"end":{"line":271,"column":7}},"loc":{"start":{"line":271,"column":13},"end":{"line":271,"column":32}},"line":271},"23":{"name":"(anonymous_23)","decl":{"start":{"line":281,"column":22},"end":{"line":281,"column":23}},"loc":{"start":{"line":281,"column":39},"end":{"line":284,"column":3}},"line":281},"24":{"name":"(anonymous_24)","decl":{"start":{"line":288,"column":33},"end":{"line":288,"column":34}},"loc":{"start":{"line":288,"column":40},"end":{"line":288,"column":52}},"line":288},"25":{"name":"(anonymous_25)","decl":{"start":{"line":289,"column":31},"end":{"line":289,"column":32}},"loc":{"start":{"line":289,"column":38},"end":{"line":289,"column":49}},"line":289},"26":{"name":"(anonymous_26)","decl":{"start":{"line":304,"column":19},"end":{"line":304,"column":20}},"loc":{"start":{"line":304,"column":25},"end":{"line":304,"column":44}},"line":304},"27":{"name":"(anonymous_27)","decl":{"start":{"line":323,"column":21},"end":{"line":323,"column":22}},"loc":{"start":{"line":323,"column":27},"end":{"line":326,"column":13}},"line":323},"28":{"name":"(anonymous_28)","decl":{"start":{"line":349,"column":36},"end":{"line":349,"column":37}},"loc":{"start":{"line":350,"column":12},"end":{"line":354,"column":19}},"line":350},"29":{"name":"(anonymous_29)","decl":{"start":{"line":359,"column":23},"end":{"line":359,"column":24}},"loc":{"start":{"line":359,"column":29},"end":{"line":359,"column":51}},"line":359},"30":{"name":"(anonymous_30)","decl":{"start":{"line":374,"column":24},"end":{"line":374,"column":25}},"loc":{"start":{"line":374,"column":34},"end":{"line":374,"column":41}},"line":374},"31":{"name":"(anonymous_31)","decl":{"start":{"line":381,"column":22},"end":{"line":381,"column":23}},"loc":{"start":{"line":382,"column":12},"end":{"line":388,"column":14}},"line":382},"32":{"name":"(anonymous_32)","decl":{"start":{"line":384,"column":24},"end":{"line":384,"column":25}},"loc":{"start":{"line":384,"column":30},"end":{"line":384,"column":48}},"line":384},"33":{"name":"(anonymous_33)","decl":{"start":{"line":385,"column":24},"end":{"line":385,"column":25}},"loc":{"start":{"line":385,"column":30},"end":{"line":385,"column":52}},"line":385},"34":{"name":"(anonymous_34)","decl":{"start":{"line":386,"column":24},"end":{"line":386,"column":25}},"loc":{"start":{"line":386,"column":30},"end":{"line":386,"column":51}},"line":386},"35":{"name":"(anonymous_35)","decl":{"start":{"line":387,"column":27},"end":{"line":387,"column":28}},"loc":{"start":{"line":387,"column":33},"end":{"line":387,"column":54}},"line":387},"36":{"name":"(anonymous_36)","decl":{"start":{"line":396,"column":29},"end":{"line":396,"column":30}},"loc":{"start":{"line":396,"column":35},"end":{"line":396,"column":63}},"line":396},"37":{"name":"(anonymous_37)","decl":{"start":{"line":407,"column":32},"end":{"line":407,"column":33}},"loc":{"start":{"line":408,"column":22},"end":{"line":416,"column":24}},"line":408},"38":{"name":"(anonymous_38)","decl":{"start":{"line":412,"column":34},"end":{"line":412,"column":35}},"loc":{"start":{"line":412,"column":40},"end":{"line":412,"column":58}},"line":412},"39":{"name":"(anonymous_39)","decl":{"start":{"line":413,"column":34},"end":{"line":413,"column":35}},"loc":{"start":{"line":413,"column":40},"end":{"line":413,"column":62}},"line":413},"40":{"name":"(anonymous_40)","decl":{"start":{"line":414,"column":34},"end":{"line":414,"column":35}},"loc":{"start":{"line":414,"column":40},"end":{"line":414,"column":61}},"line":414},"41":{"name":"(anonymous_41)","decl":{"start":{"line":415,"column":37},"end":{"line":415,"column":38}},"loc":{"start":{"line":415,"column":43},"end":{"line":415,"column":64}},"line":415},"42":{"name":"(anonymous_42)","decl":{"start":{"line":454,"column":24},"end":{"line":454,"column":25}},"loc":{"start":{"line":454,"column":30},"end":{"line":454,"column":53}},"line":454},"43":{"name":"(anonymous_43)","decl":{"start":{"line":475,"column":25},"end":{"line":475,"column":26}},"loc":{"start":{"line":475,"column":31},"end":{"line":478,"column":17}},"line":475},"44":{"name":"(anonymous_44)","decl":{"start":{"line":500,"column":17},"end":{"line":500,"column":18}},"loc":{"start":{"line":500,"column":23},"end":{"line":500,"column":44}},"line":500},"45":{"name":"(anonymous_45)","decl":{"start":{"line":512,"column":17},"end":{"line":512,"column":18}},"loc":{"start":{"line":512,"column":23},"end":{"line":512,"column":44}},"line":512},"46":{"name":"TaskRow","decl":{"start":{"line":521,"column":9},"end":{"line":521,"column":16}},"loc":{"start":{"line":535,"column":3},"end":{"line":593,"column":1}},"line":535}},"branchMap":{"0":{"loc":{"start":{"line":81,"column":8},"end":{"line":86,"column":9}},"type":"if","locations":[{"start":{"line":81,"column":8},"end":{"line":86,"column":9}},{"start":{},"end":{}}],"line":81},"1":{"loc":{"start":{"line":116,"column":4},"end":{"line":116,"column":22}},"type":"if","locations":[{"start":{"line":116,"column":4},"end":{"line":116,"column":22}},{"start":{},"end":{}}],"line":116},"2":{"loc":{"start":{"line":118,"column":36},"end":{"line":118,"column":60}},"type":"binary-expr","locations":[{"start":{"line":118,"column":36},"end":{"line":118,"column":54}},{"start":{"line":118,"column":58},"end":{"line":118,"column":60}}],"line":118},"3":{"loc":{"start":{"line":126,"column":4},"end":{"line":132,"column":5}},"type":"if","locations":[{"start":{"line":126,"column":4},"end":{"line":132,"column":5}},{"start":{},"end":{}}],"line":126},"4":{"loc":{"start":{"line":126,"column":8},"end":{"line":126,"column":44}},"type":"binary-expr","locations":[{"start":{"line":126,"column":8},"end":{"line":126,"column":16}},{"start":{"line":126,"column":20},"end":{"line":126,"column":44}}],"line":126},"5":{"loc":{"start":{"line":186,"column":4},"end":{"line":186,"column":22}},"type":"if","locations":[{"start":{"line":186,"column":4},"end":{"line":186,"column":22}},{"start":{},"end":{}}],"line":186},"6":{"loc":{"start":{"line":200,"column":4},"end":{"line":200,"column":48}},"type":"if","locations":[{"start":{"line":200,"column":4},"end":{"line":200,"column":48}},{"start":{},"end":{}}],"line":200},"7":{"loc":{"start":{"line":200,"column":8},"end":{"line":200,"column":39}},"type":"binary-expr","locations":[{"start":{"line":200,"column":8},"end":{"line":200,"column":14}},{"start":{"line":200,"column":18},"end":{"line":200,"column":30}},{"start":{"line":200,"column":34},"end":{"line":200,"column":39}}],"line":200},"8":{"loc":{"start":{"line":220,"column":4},"end":{"line":220,"column":30}},"type":"if","locations":[{"start":{"line":220,"column":4},"end":{"line":220,"column":30}},{"start":{},"end":{}}],"line":220},"9":{"loc":{"start":{"line":221,"column":26},"end":{"line":223,"column":12}},"type":"cond-expr","locations":[{"start":{"line":222,"column":8},"end":{"line":222,"column":46}},{"start":{"line":223,"column":8},"end":{"line":223,"column":12}}],"line":221},"10":{"loc":{"start":{"line":222,"column":8},"end":{"line":222,"column":46}},"type":"binary-expr","locations":[{"start":{"line":222,"column":8},"end":{"line":222,"column":38}},{"start":{"line":222,"column":42},"end":{"line":222,"column":46}}],"line":222},"11":{"loc":{"start":{"line":234,"column":4},"end":{"line":234,"column":39}},"type":"if","locations":[{"start":{"line":234,"column":4},"end":{"line":234,"column":39}},{"start":{},"end":{}}],"line":234},"12":{"loc":{"start":{"line":234,"column":8},"end":{"line":234,"column":30}},"type":"binary-expr","locations":[{"start":{"line":234,"column":8},"end":{"line":234,"column":21}},{"start":{"line":234,"column":25},"end":{"line":234,"column":30}}],"line":234},"13":{"loc":{"start":{"line":261,"column":4},"end":{"line":261,"column":30}},"type":"if","locations":[{"start":{"line":261,"column":4},"end":{"line":261,"column":30}},{"start":{},"end":{}}],"line":261},"14":{"loc":{"start":{"line":266,"column":4},"end":{"line":268,"column":5}},"type":"if","locations":[{"start":{"line":266,"column":4},"end":{"line":268,"column":5}},{"start":{},"end":{}}],"line":266},"15":{"loc":{"start":{"line":267,"column":27},"end":{"line":267,"column":63}},"type":"binary-expr","locations":[{"start":{"line":267,"column":27},"end":{"line":267,"column":57}},{"start":{"line":267,"column":61},"end":{"line":267,"column":63}}],"line":267},"16":{"loc":{"start":{"line":283,"column":11},"end":{"line":283,"column":57}},"type":"cond-expr","locations":[{"start":{"line":283,"column":15},"end":{"line":283,"column":39}},{"start":{"line":283,"column":42},"end":{"line":283,"column":57}}],"line":283},"17":{"loc":{"start":{"line":283,"column":15},"end":{"line":283,"column":39}},"type":"binary-expr","locations":[{"start":{"line":283,"column":15},"end":{"line":283,"column":28}},{"start":{"line":283,"column":32},"end":{"line":283,"column":39}}],"line":283},"18":{"loc":{"start":{"line":291,"column":2},"end":{"line":297,"column":3}},"type":"if","locations":[{"start":{"line":291,"column":2},"end":{"line":297,"column":3}},{"start":{},"end":{}}],"line":291},"19":{"loc":{"start":{"line":310,"column":9},"end":{"line":332,"column":9}},"type":"cond-expr","locations":[{"start":{"line":311,"column":10},"end":{"line":319,"column":12}},{"start":{"line":321,"column":10},"end":{"line":331,"column":29}}],"line":310},"20":{"loc":{"start":{"line":324,"column":28},"end":{"line":324,"column":45}},"type":"binary-expr","locations":[{"start":{"line":324,"column":28},"end":{"line":324,"column":39}},{"start":{"line":324,"column":43},"end":{"line":324,"column":45}}],"line":324},"21":{"loc":{"start":{"line":329,"column":15},"end":{"line":329,"column":32}},"type":"binary-expr","locations":[{"start":{"line":329,"column":15},"end":{"line":329,"column":26}},{"start":{"line":329,"column":30},"end":{"line":329,"column":32}}],"line":329},"22":{"loc":{"start":{"line":334,"column":9},"end":{"line":338,"column":9}},"type":"binary-expr","locations":[{"start":{"line":334,"column":9},"end":{"line":334,"column":16}},{"start":{"line":335,"column":10},"end":{"line":337,"column":29}}],"line":334},"23":{"loc":{"start":{"line":346,"column":15},"end":{"line":346,"column":72}},"type":"binary-expr","locations":[{"start":{"line":346,"column":15},"end":{"line":346,"column":65}},{"start":{"line":346,"column":69},"end":{"line":346,"column":72}}],"line":346},"24":{"loc":{"start":{"line":346,"column":27},"end":{"line":346,"column":46}},"type":"binary-expr","locations":[{"start":{"line":346,"column":27},"end":{"line":346,"column":40}},{"start":{"line":346,"column":44},"end":{"line":346,"column":46}}],"line":346},"25":{"loc":{"start":{"line":352,"column":17},"end":{"line":352,"column":58}},"type":"binary-expr","locations":[{"start":{"line":352,"column":17},"end":{"line":352,"column":51}},{"start":{"line":352,"column":55},"end":{"line":352,"column":58}}],"line":352},"26":{"loc":{"start":{"line":356,"column":11},"end":{"line":364,"column":11}},"type":"binary-expr","locations":[{"start":{"line":356,"column":11},"end":{"line":356,"column":18}},{"start":{"line":357,"column":12},"end":{"line":363,"column":31}}],"line":356},"27":{"loc":{"start":{"line":370,"column":18},"end":{"line":370,"column":63}},"type":"cond-expr","locations":[{"start":{"line":370,"column":42},"end":{"line":370,"column":51}},{"start":{"line":370,"column":54},"end":{"line":370,"column":63}}],"line":370},"28":{"loc":{"start":{"line":377,"column":12},"end":{"line":379,"column":20}},"type":"cond-expr","locations":[{"start":{"line":378,"column":14},"end":{"line":378,"column":76}},{"start":{"line":379,"column":16},"end":{"line":379,"column":20}}],"line":377},"29":{"loc":{"start":{"line":377,"column":12},"end":{"line":377,"column":58}},"type":"binary-expr","locations":[{"start":{"line":377,"column":12},"end":{"line":377,"column":34}},{"start":{"line":377,"column":38},"end":{"line":377,"column":58}}],"line":377},"30":{"loc":{"start":{"line":392,"column":15},"end":{"line":419,"column":15}},"type":"binary-expr","locations":[{"start":{"line":392,"column":15},"end":{"line":392,"column":33}},{"start":{"line":393,"column":16},"end":{"line":418,"column":23}}],"line":392},"31":{"loc":{"start":{"line":400,"column":23},"end":{"line":400,"column":46}},"type":"cond-expr","locations":[{"start":{"line":400,"column":37},"end":{"line":400,"column":40}},{"start":{"line":400,"column":43},"end":{"line":400,"column":46}}],"line":400},"32":{"loc":{"start":{"line":406,"column":19},"end":{"line":417,"column":22}},"type":"binary-expr","locations":[{"start":{"line":406,"column":19},"end":{"line":406,"column":30}},{"start":{"line":407,"column":20},"end":{"line":417,"column":22}}],"line":406},"33":{"loc":{"start":{"line":435,"column":20},"end":{"line":435,"column":50}},"type":"binary-expr","locations":[{"start":{"line":435,"column":20},"end":{"line":435,"column":30}},{"start":{"line":435,"column":34},"end":{"line":435,"column":50}}],"line":435},"34":{"loc":{"start":{"line":458,"column":20},"end":{"line":458,"column":65}},"type":"cond-expr","locations":[{"start":{"line":458,"column":44},"end":{"line":458,"column":53}},{"start":{"line":458,"column":56},"end":{"line":458,"column":65}}],"line":458},"35":{"loc":{"start":{"line":485,"column":18},"end":{"line":485,"column":46}},"type":"binary-expr","locations":[{"start":{"line":485,"column":18},"end":{"line":485,"column":26}},{"start":{"line":485,"column":30},"end":{"line":485,"column":46}}],"line":485},"36":{"loc":{"start":{"line":502,"column":23},"end":{"line":502,"column":48}},"type":"binary-expr","locations":[{"start":{"line":502,"column":23},"end":{"line":502,"column":42}},{"start":{"line":502,"column":46},"end":{"line":502,"column":48}}],"line":502},"37":{"loc":{"start":{"line":503,"column":25},"end":{"line":503,"column":55}},"type":"binary-expr","locations":[{"start":{"line":503,"column":25},"end":{"line":503,"column":47}},{"start":{"line":503,"column":51},"end":{"line":503,"column":55}}],"line":503},"38":{"loc":{"start":{"line":504,"column":17},"end":{"line":504,"column":36}},"type":"binary-expr","locations":[{"start":{"line":504,"column":17},"end":{"line":504,"column":30}},{"start":{"line":504,"column":34},"end":{"line":504,"column":36}}],"line":504},"39":{"loc":{"start":{"line":510,"column":18},"end":{"line":510,"column":42}},"type":"binary-expr","locations":[{"start":{"line":510,"column":18},"end":{"line":510,"column":36}},{"start":{"line":510,"column":40},"end":{"line":510,"column":42}}],"line":510},"40":{"loc":{"start":{"line":511,"column":19},"end":{"line":511,"column":48}},"type":"binary-expr","locations":[{"start":{"line":511,"column":19},"end":{"line":511,"column":42}},{"start":{"line":511,"column":46},"end":{"line":511,"column":48}}],"line":511},"41":{"loc":{"start":{"line":523,"column":2},"end":{"line":523,"column":17}},"type":"default-arg","locations":[{"start":{"line":523,"column":12},"end":{"line":523,"column":17}}],"line":523},"42":{"loc":{"start":{"line":537,"column":34},"end":{"line":537,"column":66}},"type":"binary-expr","locations":[{"start":{"line":537,"column":34},"end":{"line":537,"column":41}},{"start":{"line":537,"column":45},"end":{"line":537,"column":66}}],"line":537},"43":{"loc":{"start":{"line":541,"column":10},"end":{"line":541,"column":50}},"type":"binary-expr","locations":[{"start":{"line":541,"column":10},"end":{"line":541,"column":24}},{"start":{"line":541,"column":28},"end":{"line":541,"column":50}}],"line":541},"44":{"loc":{"start":{"line":546,"column":9},"end":{"line":546,"column":66}},"type":"binary-expr","locations":[{"start":{"line":546,"column":9},"end":{"line":546,"column":23}},{"start":{"line":546,"column":27},"end":{"line":546,"column":66}}],"line":546},"45":{"loc":{"start":{"line":553,"column":12},"end":{"line":553,"column":52}},"type":"binary-expr","locations":[{"start":{"line":553,"column":12},"end":{"line":553,"column":26}},{"start":{"line":553,"column":30},"end":{"line":553,"column":52}}],"line":553},"46":{"loc":{"start":{"line":566,"column":16},"end":{"line":566,"column":54}},"type":"binary-expr","locations":[{"start":{"line":566,"column":16},"end":{"line":566,"column":30}},{"start":{"line":566,"column":34},"end":{"line":566,"column":54}}],"line":566},"47":{"loc":{"start":{"line":569,"column":15},"end":{"line":571,"column":32}},"type":"cond-expr","locations":[{"start":{"line":570,"column":18},"end":{"line":570,"column":51}},{"start":{"line":571,"column":18},"end":{"line":571,"column":32}}],"line":569},"48":{"loc":{"start":{"line":582,"column":17},"end":{"line":582,"column":72}},"type":"cond-expr","locations":[{"start":{"line":582,"column":45},"end":{"line":582,"column":66}},{"start":{"line":582,"column":69},"end":{"line":582,"column":72}}],"line":582}},"s":{"0":0,"1":0,"2":0,"3":0,"4":0,"5":0,"6":0,"7":0,"8":0,"9":0,"10":0,"11":0,"12":0,"13":0,"14":0,"15":0,"16":0,"17":0,"18":0,"19":0,"20":0,"21":0,"22":0,"23":0,"24":0,"25":0,"26":0,"27":0,"28":0,"29":0,"30":0,"31":0,"32":0,"33":0,"34":0,"35":0,"36":0,"37":0,"38":0,"39":0,"40":0,"41":0,"42":0,"43":0,"44":0,"45":0,"46":0,"47":0,"48":0,"49":0,"50":0,"51":0,"52":0,"53":0,"54":0,"55":0,"56":0,"57":0,"58":0,"59":0,"60":0,"61":0,"62":0,"63":0,"64":0,"65":0,"66":0,"67":0,"68":0,"69":0,"70":0,"71":0,"72":0,"73":0,"74":0,"75":0,"76":0,"77":0,"78":0,"79":0,"80":0,"81":0,"82":0,"83":0,"84":0,"85":0,"86":0,"87":0,"88":0,"89":0,"90":0,"91":0,"92":0,"93":0,"94":0,"95":0,"96":0,"97":0,"98":0,"99":0,"100":0,"101":0,"102":0,"103":0,"104":0,"105":0,"106":0,"107":0,"108":0,"109":0,"110":0,"111":0,"112":0,"113":0,"114":0,"115":0,"116":0,"117":0,"118":0,"119":0,"120":0,"121":0,"122":0,"123":0,"124":0,"125":0,"126":0,"127":0,"128":0,"129":0,"130":0,"131":0,"132":0,"133":0,"134":0,"135":0,"136":0,"137":0,"138":0,"139":0,"140":0,"141":0,"142":0,"143":0,"144":0,"145":0,"146":0,"147":0,"148":0,"149":0,"150":0},"f":{"0":0,"1":0,"2":0,"3":0,"4":0,"5":0,"6":0,"7":0,"8":0,"9":0,"10":0,"11":0,"12":0,"13":0,"14":0,"15":0,"16":0,"17":0,"18":0,"19":0,"20":0,"21":0,"22":0,"23":0,"24":0,"25":0,"26":0,"27":0,"28":0,"29":0,"30":0,"31":0,"32":0,"33":0,"34":0,"35":0,"36":0,"37":0,"38":0,"39":0,"40":0,"41":0,"42":0,"43":0,"44":0,"45":0,"46":0},"b":{"0":[0,0],"1":[0,0],"2":[0,0],"3":[0,0],"4":[0,0],"5":[0,0],"6":[0,0],"7":[0,0,0],"8":[0,0],"9":[0,0],"10":[0,0],"11":[0,0],"12":[0,0],"13":[0,0],"14":[0,0],"15":[0,0],"16":[0,0],"17":[0,0],"18":[0,0],"19":[0,0],"20":[0,0],"21":[0,0],"22":[0,0],"23":[0,0],"24":[0,0],"25":[0,0],"26":[0,0],"27":[0,0],"28":[0,0],"29":[0,0],"30":[0,0],"31":[0,0],"32":[0,0],"33":[0,0],"34":[0,0],"35":[0,0],"36":[0,0],"37":[0,0],"38":[0,0],"39":[0,0],"40":[0,0],"41":[0],"42":[0,0],"43":[0,0],"44":[0,0],"45":[0,0],"46":[0,0],"47":[0,0],"48":[0,0]}}
,"/mnt/c/Users/robot/VibeCodeTour/pisilist/src/screens/DashboardScreen.tsx": {"path":"/mnt/c/Users/robot/VibeCodeTour/pisilist/src/screens/DashboardScreen.tsx","statementMap":{"0":{"start":{"line":30,"column":19},"end":{"line":30,"column":28}},"1":{"start":{"line":31,"column":36},"end":{"line":31,"column":46}},"2":{"start":{"line":32,"column":26},"end":{"line":32,"column":42}},"3":{"start":{"line":33,"column":17},"end":{"line":33,"column":36}},"4":{"start":{"line":34,"column":42},"end":{"line":34,"column":63}},"5":{"start":{"line":35,"column":34},"end":{"line":35,"column":52}},"6":{"start":{"line":36,"column":34},"end":{"line":36,"column":55}},"7":{"start":{"line":38,"column":17},"end":{"line":38,"column":46}},"8":{"start":{"line":38,"column":37},"end":{"line":38,"column":45}},"9":{"start":{"line":39,"column":17},"end":{"line":39,"column":47}},"10":{"start":{"line":39,"column":37},"end":{"line":39,"column":46}},"11":{"start":{"line":41,"column":24},"end":{"line":52,"column":3}},"12":{"start":{"line":42,"column":4},"end":{"line":51,"column":7}},"13":{"start":{"line":48,"column":10},"end":{"line":48,"column":25}},"14":{"start":{"line":54,"column":27},"end":{"line":72,"column":3}},"15":{"start":{"line":55,"column":18},"end":{"line":55,"column":33}},"16":{"start":{"line":56,"column":4},"end":{"line":60,"column":5}},"17":{"start":{"line":57,"column":6},"end":{"line":57,"column":29}},"18":{"start":{"line":58,"column":6},"end":{"line":58,"column":22}},"19":{"start":{"line":59,"column":6},"end":{"line":59,"column":13}},"20":{"start":{"line":61,"column":4},"end":{"line":61,"column":22}},"21":{"start":{"line":61,"column":15},"end":{"line":61,"column":22}},"22":{"start":{"line":63,"column":4},"end":{"line":63,"column":22}},"23":{"start":{"line":64,"column":4},"end":{"line":68,"column":5}},"24":{"start":{"line":65,"column":6},"end":{"line":65,"column":40}},"25":{"start":{"line":67,"column":6},"end":{"line":67,"column":68}},"26":{"start":{"line":69,"column":4},"end":{"line":69,"column":23}},"27":{"start":{"line":70,"column":4},"end":{"line":70,"column":27}},"28":{"start":{"line":71,"column":4},"end":{"line":71,"column":20}},"29":{"start":{"line":74,"column":26},"end":{"line":79,"column":3}},"30":{"start":{"line":76,"column":6},"end":{"line":76,"column":52}},"31":{"start":{"line":81,"column":21},"end":{"line":96,"column":3}},"32":{"start":{"line":84,"column":19},"end":{"line":84,"column":81}},"33":{"start":{"line":85,"column":6},"end":{"line":93,"column":8}},"34":{"start":{"line":91,"column":25},"end":{"line":91,"column":49}},"35":{"start":{"line":98,"column":30},"end":{"line":100,"column":3}},"36":{"start":{"line":99,"column":4},"end":{"line":99,"column":52}},"37":{"start":{"line":102,"column":73},"end":{"line":102,"column":75}},"38":{"start":{"line":103,"column":2},"end":{"line":106,"column":3}},"39":{"start":{"line":104,"column":4},"end":{"line":104,"column":44}},"40":{"start":{"line":105,"column":4},"end":{"line":105,"column":28}},"41":{"start":{"line":107,"column":2},"end":{"line":110,"column":3}},"42":{"start":{"line":108,"column":4},"end":{"line":108,"column":44}},"43":{"start":{"line":109,"column":4},"end":{"line":109,"column":28}},"44":{"start":{"line":112,"column":21},"end":{"line":119,"column":3}},"45":{"start":{"line":114,"column":6},"end":{"line":114,"column":74}},"46":{"start":{"line":114,"column":34},"end":{"line":114,"column":74}},"47":{"start":{"line":115,"column":6},"end":{"line":115,"column":71}},"48":{"start":{"line":115,"column":34},"end":{"line":115,"column":71}},"49":{"start":{"line":116,"column":6},"end":{"line":116,"column":34}},"50":{"start":{"line":121,"column":2},"end":{"line":259,"column":4}},"51":{"start":{"line":131,"column":27},"end":{"line":131,"column":61}},"52":{"start":{"line":174,"column":12},"end":{"line":174,"column":56}},"53":{"start":{"line":178,"column":37},"end":{"line":178,"column":79}},"54":{"start":{"line":200,"column":23},"end":{"line":200,"column":44}},"55":{"start":{"line":212,"column":10},"end":{"line":212,"column":33}},"56":{"start":{"line":213,"column":10},"end":{"line":213,"column":26}},"57":{"start":{"line":236,"column":18},"end":{"line":236,"column":41}},"58":{"start":{"line":237,"column":18},"end":{"line":237,"column":34}},"59":{"start":{"line":262,"column":15},"end":{"line":451,"column":2}}},"fnMap":{"0":{"name":"DashboardScreen","decl":{"start":{"line":29,"column":24},"end":{"line":29,"column":39}},"loc":{"start":{"line":29,"column":63},"end":{"line":260,"column":1}},"line":29},"1":{"name":"(anonymous_1)","decl":{"start":{"line":38,"column":30},"end":{"line":38,"column":31}},"loc":{"start":{"line":38,"column":37},"end":{"line":38,"column":45}},"line":38},"2":{"name":"(anonymous_2)","decl":{"start":{"line":39,"column":30},"end":{"line":39,"column":31}},"loc":{"start":{"line":39,"column":37},"end":{"line":39,"column":46}},"line":39},"3":{"name":"(anonymous_3)","decl":{"start":{"line":41,"column":24},"end":{"line":41,"column":25}},"loc":{"start":{"line":41,"column":36},"end":{"line":52,"column":3}},"line":41},"4":{"name":"(anonymous_4)","decl":{"start":{"line":47,"column":17},"end":{"line":47,"column":18}},"loc":{"start":{"line":47,"column":29},"end":{"line":49,"column":9}},"line":47},"5":{"name":"(anonymous_5)","decl":{"start":{"line":54,"column":27},"end":{"line":54,"column":28}},"loc":{"start":{"line":54,"column":39},"end":{"line":72,"column":3}},"line":54},"6":{"name":"(anonymous_6)","decl":{"start":{"line":75,"column":4},"end":{"line":75,"column":5}},"loc":{"start":{"line":75,"column":24},"end":{"line":77,"column":5}},"line":75},"7":{"name":"(anonymous_7)","decl":{"start":{"line":82,"column":4},"end":{"line":82,"column":5}},"loc":{"start":{"line":82,"column":33},"end":{"line":94,"column":5}},"line":82},"8":{"name":"(anonymous_8)","decl":{"start":{"line":91,"column":19},"end":{"line":91,"column":20}},"loc":{"start":{"line":91,"column":25},"end":{"line":91,"column":49}},"line":91},"9":{"name":"(anonymous_9)","decl":{"start":{"line":98,"column":30},"end":{"line":98,"column":31}},"loc":{"start":{"line":99,"column":4},"end":{"line":99,"column":52}},"line":99},"10":{"name":"(anonymous_10)","decl":{"start":{"line":113,"column":4},"end":{"line":113,"column":5}},"loc":{"start":{"line":113,"column":33},"end":{"line":117,"column":5}},"line":113},"11":{"name":"(anonymous_11)","decl":{"start":{"line":131,"column":21},"end":{"line":131,"column":22}},"loc":{"start":{"line":131,"column":27},"end":{"line":131,"column":61}},"line":131},"12":{"name":"(anonymous_12)","decl":{"start":{"line":173,"column":24},"end":{"line":173,"column":25}},"loc":{"start":{"line":174,"column":12},"end":{"line":174,"column":56}},"line":174},"13":{"name":"(anonymous_13)","decl":{"start":{"line":178,"column":25},"end":{"line":178,"column":26}},"loc":{"start":{"line":178,"column":37},"end":{"line":178,"column":79}},"line":178},"14":{"name":"(anonymous_14)","decl":{"start":{"line":200,"column":17},"end":{"line":200,"column":18}},"loc":{"start":{"line":200,"column":23},"end":{"line":200,"column":44}},"line":200},"15":{"name":"(anonymous_15)","decl":{"start":{"line":211,"column":24},"end":{"line":211,"column":25}},"loc":{"start":{"line":211,"column":30},"end":{"line":214,"column":9}},"line":211},"16":{"name":"(anonymous_16)","decl":{"start":{"line":235,"column":25},"end":{"line":235,"column":26}},"loc":{"start":{"line":235,"column":31},"end":{"line":238,"column":17}},"line":235}},"branchMap":{"0":{"loc":{"start":{"line":56,"column":4},"end":{"line":60,"column":5}},"type":"if","locations":[{"start":{"line":56,"column":4},"end":{"line":60,"column":5}},{"start":{},"end":{}}],"line":56},"1":{"loc":{"start":{"line":61,"column":4},"end":{"line":61,"column":22}},"type":"if","locations":[{"start":{"line":61,"column":4},"end":{"line":61,"column":22}},{"start":{},"end":{}}],"line":61},"2":{"loc":{"start":{"line":67,"column":27},"end":{"line":67,"column":66}},"type":"binary-expr","locations":[{"start":{"line":67,"column":27},"end":{"line":67,"column":38}},{"start":{"line":67,"column":42},"end":{"line":67,"column":66}}],"line":67},"3":{"loc":{"start":{"line":88,"column":21},"end":{"line":88,"column":49}},"type":"binary-expr","locations":[{"start":{"line":88,"column":21},"end":{"line":88,"column":44}},{"start":{"line":88,"column":48},"end":{"line":88,"column":49}}],"line":88},"4":{"loc":{"start":{"line":89,"column":26},"end":{"line":89,"column":59}},"type":"binary-expr","locations":[{"start":{"line":89,"column":26},"end":{"line":89,"column":54}},{"start":{"line":89,"column":58},"end":{"line":89,"column":59}}],"line":89},"5":{"loc":{"start":{"line":103,"column":2},"end":{"line":106,"column":3}},"type":"if","locations":[{"start":{"line":103,"column":2},"end":{"line":106,"column":3}},{"start":{},"end":{}}],"line":103},"6":{"loc":{"start":{"line":107,"column":2},"end":{"line":110,"column":3}},"type":"if","locations":[{"start":{"line":107,"column":2},"end":{"line":110,"column":3}},{"start":{},"end":{}}],"line":107},"7":{"loc":{"start":{"line":114,"column":6},"end":{"line":114,"column":74}},"type":"if","locations":[{"start":{"line":114,"column":6},"end":{"line":114,"column":74}},{"start":{},"end":{}}],"line":114},"8":{"loc":{"start":{"line":115,"column":6},"end":{"line":115,"column":71}},"type":"if","locations":[{"start":{"line":115,"column":6},"end":{"line":115,"column":71}},{"start":{},"end":{}}],"line":115},"9":{"loc":{"start":{"line":135,"column":13},"end":{"line":141,"column":13}},"type":"binary-expr","locations":[{"start":{"line":135,"column":13},"end":{"line":135,"column":35}},{"start":{"line":136,"column":14},"end":{"line":140,"column":21}}],"line":135},"10":{"loc":{"start":{"line":138,"column":19},"end":{"line":138,"column":69}},"type":"cond-expr","locations":[{"start":{"line":138,"column":44},"end":{"line":138,"column":48}},{"start":{"line":138,"column":51},"end":{"line":138,"column":69}}],"line":138},"11":{"loc":{"start":{"line":152,"column":20},"end":{"line":152,"column":52}},"type":"binary-expr","locations":[{"start":{"line":152,"column":20},"end":{"line":152,"column":37}},{"start":{"line":152,"column":41},"end":{"line":152,"column":52}}],"line":152},"12":{"loc":{"start":{"line":157,"column":7},"end":{"line":195,"column":7}},"type":"cond-expr","locations":[{"start":{"line":158,"column":8},"end":{"line":160,"column":15}},{"start":{"line":161,"column":10},"end":{"line":195,"column":7}}],"line":157},"13":{"loc":{"start":{"line":161,"column":10},"end":{"line":195,"column":7}},"type":"cond-expr","locations":[{"start":{"line":162,"column":8},"end":{"line":168,"column":15}},{"start":{"line":170,"column":8},"end":{"line":194,"column":10}}],"line":161},"14":{"loc":{"start":{"line":161,"column":10},"end":{"line":161,"column":40}},"type":"binary-expr","locations":[{"start":{"line":161,"column":10},"end":{"line":161,"column":28}},{"start":{"line":161,"column":32},"end":{"line":161,"column":40}}],"line":161},"15":{"loc":{"start":{"line":174,"column":12},"end":{"line":174,"column":56}},"type":"cond-expr","locations":[{"start":{"line":174,"column":24},"end":{"line":174,"column":46}},{"start":{"line":174,"column":49},"end":{"line":174,"column":56}}],"line":174},"16":{"loc":{"start":{"line":178,"column":12},"end":{"line":180,"column":30}},"type":"cond-expr","locations":[{"start":{"line":179,"column":16},"end":{"line":179,"column":25}},{"start":{"line":180,"column":16},"end":{"line":180,"column":30}}],"line":178},"17":{"loc":{"start":{"line":178,"column":37},"end":{"line":178,"column":79}},"type":"binary-expr","locations":[{"start":{"line":178,"column":37},"end":{"line":178,"column":56}},{"start":{"line":178,"column":60},"end":{"line":178,"column":79}}],"line":178},"18":{"loc":{"start":{"line":188,"column":12},"end":{"line":192,"column":20}},"type":"cond-expr","locations":[{"start":{"line":189,"column":14},"end":{"line":191,"column":21}},{"start":{"line":192,"column":16},"end":{"line":192,"column":20}}],"line":188},"19":{"loc":{"start":{"line":218,"column":20},"end":{"line":218,"column":65}},"type":"cond-expr","locations":[{"start":{"line":218,"column":44},"end":{"line":218,"column":53}},{"start":{"line":218,"column":56},"end":{"line":218,"column":65}}],"line":218},"20":{"loc":{"start":{"line":245,"column":18},"end":{"line":245,"column":46}},"type":"binary-expr","locations":[{"start":{"line":245,"column":18},"end":{"line":245,"column":26}},{"start":{"line":245,"column":30},"end":{"line":245,"column":46}}],"line":245},"21":{"loc":{"start":{"line":251,"column":19},"end":{"line":251,"column":54}},"type":"cond-expr","locations":[{"start":{"line":251,"column":30},"end":{"line":251,"column":43}},{"start":{"line":251,"column":46},"end":{"line":251,"column":54}}],"line":251}},"s":{"0":0,"1":0,"2":0,"3":0,"4":0,"5":0,"6":0,"7":0,"8":0,"9":0,"10":0,"11":0,"12":0,"13":0,"14":0,"15":0,"16":0,"17":0,"18":0,"19":0,"20":0,"21":0,"22":0,"23":0,"24":0,"25":0,"26":0,"27":0,"28":0,"29":0,"30":0,"31":0,"32":0,"33":0,"34":0,"35":0,"36":0,"37":0,"38":0,"39":0,"40":0,"41":0,"42":0,"43":0,"44":0,"45":0,"46":0,"47":0,"48":0,"49":0,"50":0,"51":0,"52":0,"53":0,"54":0,"55":0,"56":0,"57":0,"58":0,"59":0},"f":{"0":0,"1":0,"2":0,"3":0,"4":0,"5":0,"6":0,"7":0,"8":0,"9":0,"10":0,"11":0,"12":0,"13":0,"14":0,"15":0,"16":0},"b":{"0":[0,0],"1":[0,0],"2":[0,0],"3":[0,0],"4":[0,0],"5":[0,0],"6":[0,0],"7":[0,0],"8":[0,0],"9":[0,0],"10":[0,0],"11":[0,0],"12":[0,0],"13":[0,0],"14":[0,0],"15":[0,0],"16":[0,0],"17":[0,0],"18":[0,0],"19":[0,0],"20":[0,0],"21":[0,0]}}
,"/mnt/c/Users/robot/VibeCodeTour/pisilist/src/screens/InvitationsScreen.tsx": {"path":"/mnt/c/Users/robot/VibeCodeTour/pisilist/src/screens/InvitationsScreen.tsx","statementMap":{"0":{"start":{"line":22,"column":19},"end":{"line":22,"column":28}},"1":{"start":{"line":23,"column":35},"end":{"line":23,"column":51}},"2":{"start":{"line":24,"column":17},"end":{"line":24,"column":36}},"3":{"start":{"line":25,"column":44},"end":{"line":25,"column":76}},"4":{"start":{"line":27,"column":23},"end":{"line":40,"column":3}},"5":{"start":{"line":28,"column":4},"end":{"line":28,"column":22}},"6":{"start":{"line":28,"column":15},"end":{"line":28,"column":22}},"7":{"start":{"line":29,"column":4},"end":{"line":29,"column":58}},"8":{"start":{"line":29,"column":31},"end":{"line":29,"column":56}},"9":{"start":{"line":30,"column":4},"end":{"line":34,"column":5}},"10":{"start":{"line":31,"column":6},"end":{"line":31,"column":59}},"11":{"start":{"line":33,"column":6},"end":{"line":33,"column":74}},"12":{"start":{"line":35,"column":4},"end":{"line":39,"column":7}},"13":{"start":{"line":36,"column":19},"end":{"line":36,"column":32}},"14":{"start":{"line":37,"column":6},"end":{"line":37,"column":26}},"15":{"start":{"line":38,"column":6},"end":{"line":38,"column":18}},"16":{"start":{"line":42,"column":24},"end":{"line":54,"column":3}},"17":{"start":{"line":43,"column":4},"end":{"line":43,"column":58}},"18":{"start":{"line":43,"column":31},"end":{"line":43,"column":56}},"19":{"start":{"line":44,"column":4},"end":{"line":48,"column":5}},"20":{"start":{"line":45,"column":6},"end":{"line":45,"column":38}},"21":{"start":{"line":47,"column":6},"end":{"line":47,"column":75}},"22":{"start":{"line":49,"column":4},"end":{"line":53,"column":7}},"23":{"start":{"line":50,"column":19},"end":{"line":50,"column":32}},"24":{"start":{"line":51,"column":6},"end":{"line":51,"column":26}},"25":{"start":{"line":52,"column":6},"end":{"line":52,"column":18}},"26":{"start":{"line":56,"column":21},"end":{"line":87,"column":3}},"27":{"start":{"line":57,"column":25},"end":{"line":57,"column":51}},"28":{"start":{"line":59,"column":4},"end":{"line":86,"column":6}},"29":{"start":{"line":69,"column":27},"end":{"line":69,"column":45}},"30":{"start":{"line":78,"column":27},"end":{"line":78,"column":46}},"31":{"start":{"line":89,"column":2},"end":{"line":122,"column":4}},"32":{"start":{"line":92,"column":41},"end":{"line":92,"column":60}},"33":{"start":{"line":97,"column":25},"end":{"line":97,"column":44}},"34":{"start":{"line":115,"column":34},"end":{"line":115,"column":41}},"35":{"start":{"line":118,"column":40},"end":{"line":118,"column":73}},"36":{"start":{"line":125,"column":15},"end":{"line":213,"column":2}}},"fnMap":{"0":{"name":"InvitationsScreen","decl":{"start":{"line":21,"column":24},"end":{"line":21,"column":41}},"loc":{"start":{"line":21,"column":65},"end":{"line":123,"column":1}},"line":21},"1":{"name":"(anonymous_1)","decl":{"start":{"line":27,"column":23},"end":{"line":27,"column":24}},"loc":{"start":{"line":27,"column":50},"end":{"line":40,"column":3}},"line":27},"2":{"name":"(anonymous_2)","decl":{"start":{"line":29,"column":21},"end":{"line":29,"column":22}},"loc":{"start":{"line":29,"column":31},"end":{"line":29,"column":56}},"line":29},"3":{"name":"(anonymous_3)","decl":{"start":{"line":35,"column":21},"end":{"line":35,"column":22}},"loc":{"start":{"line":35,"column":31},"end":{"line":39,"column":5}},"line":35},"4":{"name":"(anonymous_4)","decl":{"start":{"line":42,"column":24},"end":{"line":42,"column":25}},"loc":{"start":{"line":42,"column":51},"end":{"line":54,"column":3}},"line":42},"5":{"name":"(anonymous_5)","decl":{"start":{"line":43,"column":21},"end":{"line":43,"column":22}},"loc":{"start":{"line":43,"column":31},"end":{"line":43,"column":56}},"line":43},"6":{"name":"(anonymous_6)","decl":{"start":{"line":49,"column":21},"end":{"line":49,"column":22}},"loc":{"start":{"line":49,"column":31},"end":{"line":53,"column":5}},"line":49},"7":{"name":"(anonymous_7)","decl":{"start":{"line":56,"column":21},"end":{"line":56,"column":22}},"loc":{"start":{"line":56,"column":57},"end":{"line":87,"column":3}},"line":56},"8":{"name":"(anonymous_8)","decl":{"start":{"line":69,"column":21},"end":{"line":69,"column":22}},"loc":{"start":{"line":69,"column":27},"end":{"line":69,"column":45}},"line":69},"9":{"name":"(anonymous_9)","decl":{"start":{"line":78,"column":21},"end":{"line":78,"column":22}},"loc":{"start":{"line":78,"column":27},"end":{"line":78,"column":46}},"line":78},"10":{"name":"(anonymous_10)","decl":{"start":{"line":92,"column":35},"end":{"line":92,"column":36}},"loc":{"start":{"line":92,"column":41},"end":{"line":92,"column":60}},"line":92},"11":{"name":"(anonymous_11)","decl":{"start":{"line":97,"column":19},"end":{"line":97,"column":20}},"loc":{"start":{"line":97,"column":25},"end":{"line":97,"colu
[...]
{"line":40,"column":2},"end":{"line":40,"column":50}},"type":"if","locations":[{"start":{"line":40,"column":2},"end":{"line":40,"column":50}},{"start":{},"end":{}}],"line":40},"2":{"loc":{"start":{"line":52,"column":11},"end":{"line":52,"column":37}},"type":"binary-expr","locations":[{"start":{"line":52,"column":11},"end":{"line":52,"column":23}},{"start":{"line":52,"column":27},"end":{"line":52,"column":37}}],"line":52},"3":{"loc":{"start":{"line":99,"column":4},"end":{"line":99,"column":60}},"type":"cond-expr","locations":[{"start":{"line":99,"column":21},"end":{"line":99,"column":23}},{"start":{"line":99,"column":26},"end":{"line":99,"column":60}}],"line":99},"4":{"loc":{"start":{"line":99,"column":26},"end":{"line":99,"column":60}},"type":"binary-expr","locations":[{"start":{"line":99,"column":26},"end":{"line":99,"column":55}},{"start":{"line":99,"column":59},"end":{"line":99,"column":60}}],"line":99},"5":{"loc":{"start":{"line":137,"column":30},"end":{"line":137,"column":48}},"type":"cond-expr","locations":[{"start":{"line":137,"column":42},"end":{"line":137,"column":43}},{"start":{"line":137,"column":46},"end":{"line":137,"column":48}}],"line":137},"6":{"loc":{"start":{"line":155,"column":2},"end":{"line":157,"column":3}},"type":"if","locations":[{"start":{"line":155,"column":2},"end":{"line":157,"column":3}},{"start":{},"end":{}}],"line":155},"7":{"loc":{"start":{"line":205,"column":11},"end":{"line":205,"column":27}},"type":"binary-expr","locations":[{"start":{"line":205,"column":11},"end":{"line":205,"column":21}},{"start":{"line":205,"column":25},"end":{"line":205,"column":27}}],"line":205},"8":{"loc":{"start":{"line":206,"column":13},"end":{"line":206,"column":31}},"type":"binary-expr","locations":[{"start":{"line":206,"column":13},"end":{"line":206,"column":25}},{"start":{"line":206,"column":29},"end":{"line":206,"column":31}}],"line":206},"9":{"loc":{"start":{"line":207,"column":19},"end":{"line":207,"column":43}},"type":"binary-expr","locations":[{"start":{"line":207,"column":19},"end":{"line":207,"column":37}},{"start":{"line":207,"column":41},"end":{"line":207,"column":43}}],"line":207},"10":{"loc":{"start":{"line":208,"column":12},"end":{"line":208,"column":32}},"type":"binary-expr","locations":[{"start":{"line":208,"column":12},"end":{"line":208,"column":23}},{"start":{"line":208,"column":27},"end":{"line":208,"column":32}}],"line":208},"11":{"loc":{"start":{"line":217,"column":10},"end":{"line":217,"column":25}},"type":"binary-expr","locations":[{"start":{"line":217,"column":10},"end":{"line":217,"column":19}},{"start":{"line":217,"column":23},"end":{"line":217,"column":25}}],"line":217},"12":{"loc":{"start":{"line":218,"column":15},"end":{"line":218,"column":38}},"type":"binary-expr","locations":[{"start":{"line":218,"column":15},"end":{"line":218,"column":29}},{"start":{"line":218,"column":33},"end":{"line":218,"column":38}}],"line":218},"13":{"loc":{"start":{"line":219,"column":14},"end":{"line":219,"column":35}},"type":"binary-expr","locations":[{"start":{"line":219,"column":14},"end":{"line":219,"column":27}},{"start":{"line":219,"column":31},"end":{"line":219,"column":35}}],"line":219},"14":{"loc":{"start":{"line":220,"column":16},"end":{"line":220,"column":36}},"type":"binary-expr","locations":[{"start":{"line":220,"column":16},"end":{"line":220,"column":30}},{"start":{"line":220,"column":34},"end":{"line":220,"column":36}}],"line":220},"15":{"loc":{"start":{"line":225,"column":11},"end":{"line":225,"column":26}},"type":"binary-expr","locations":[{"start":{"line":225,"column":11},"end":{"line":225,"column":21}},{"start":{"line":225,"column":25},"end":{"line":225,"column":26}}],"line":225}},"s":{"0":0,"1":0,"2":0,"3":0,"4":10,"5":2,"6":8,"7":8,"8":0,"9":0,"10":0,"11":0,"12":0,"13":0,"14":0,"15":0,"16":0,"17":0,"18":0,"19":0,"20":0,"21":0,"22":0,"23":0,"24":0,"25":0,"26":0,"27":0,"28":0,"29":0,"30":0,"31":0,"32":0,"33":0,"34":0,"35":0,"36":0,"37":0,"38":0,"39":0,"40":3,"41":3,"42":1},"f":{"0":0,"1":0,"2":0,"3":0,"4":10,"5":0,"6":0,"7":0,"8":0,"9":0,"10":0,"11":0,"12":0,"13":0,"14":0,"15":0,"16":3,"17":3,"18":1},"b":{"0":[2,8],"1":[8,0],"2":[0,0],"3":[0,0],"4":[0,0],"5":[0,0],"6":[0,0],"7":[3,1],"8":[3,2],"9":[3,2],"10":[3,2],"11":[3,1],"12":[3,2],"13":[3,2],"14":[3,1],"15":[3,1]},"_coverageSchema":"1a1c01bbd47fc00a2c39e90264f33305004495a9","hash":"034c056ea7d51f344c29d8bc98797d9cfa1cf0ae"}
,"/mnt/c/Users/robot/VibeCodeTour/pisilist/src/services/invitations.ts": {"path":"/mnt/c/Users/robot/VibeCodeTour/pisilist/src/services/invitations.ts","statementMap":{"0":{"start":{"line":28,"column":2},"end":{"line":28,"column":39}},"1":{"start":{"line":32,"column":2},"end":{"line":32,"column":42}},"2":{"start":{"line":36,"column":2},"end":{"line":36,"column":34}},"3":{"start":{"line":51,"column":26},"end":{"line":51,"column":60}},"4":{"start":{"line":54,"column":21},"end":{"line":54,"column":59}},"5":{"start":{"line":55,"column":2},"end":{"line":59,"column":3}},"6":{"start":{"line":56,"column":4},"end":{"line":58,"column":6}},"7":{"start":{"line":61,"column":2},"end":{"line":63,"column":3}},"8":{"start":{"line":62,"column":4},"end":{"line":62,"column":51}},"9":{"start":{"line":68,"column":17},"end":{"line":76,"column":4}},"10":{"start":{"line":78,"column":2},"end":{"line":78,"column":19}},"11":{"start":{"line":87,"column":16},"end":{"line":87,"column":30}},"12":{"start":{"line":88,"column":2},"end":{"line":88,"column":64}},"13":{"start":{"line":89,"column":2},"end":{"line":91,"column":5}},"14":{"start":{"line":92,"column":2},"end":{"line":92,"column":23}},"15":{"start":{"line":97,"column":2},"end":{"line":97,"column":67}},"16":{"start":{"line":108,"column":12},"end":{"line":113,"column":3}},"17":{"start":{"line":115,"column":2},"end":{"line":136,"column":4}},"18":{"start":{"line":118,"column":40},"end":{"line":130,"column":8}},"19":{"start":{"line":119,"column":21},"end":{"line":119,"column":29}},"20":{"start":{"line":120,"column":8},"end":{"line":129,"column":10}},"21":{"start":{"line":131,"column":6},"end":{"line":131,"column":28}},"22":{"start":{"line":134,"column":6},"end":{"line":134,"column":21}}},"fnMap":{"0":{"name":"invitationsCollection","decl":{"start":{"line":27,"column":9},"end":{"line":27,"column":30}},"loc":{"start":{"line":27,"column":33},"end":{"line":29,"column":1}},"line":27},"1":{"name":"invitationDoc","decl":{"start":{"line":31,"column":9},"end":{"line":31,"column":22}},"loc":{"start":{"line":31,"column":41},"end":{"line":33,"column":1}},"line":31},"2":{"name":"cardDoc","decl":{"start":{"line":35,"column":9},"end":{"line":35,"column":16}},"loc":{"start":{"line":35,"column":33},"end":{"line":37,"column":1}},"line":35},"3":{"name":"sendInvitation","decl":{"start":{"line":46,"column":22},"end":{"line":46,"column":36}},"loc":{"start":{"line":50,"column":19},"end":{"line":79,"column":1}},"line":50},"4":{"name":"acceptInvitation","decl":{"start":{"line":82,"column":22},"end":{"line":82,"column":38}},"loc":{"start":{"line":86,"column":17},"end":{"line":93,"column":1}},"line":86},"5":{"name":"declineInvitation","decl":{"start":{"line":96,"column":22},"end":{"line":96,"column":39}},"loc":{"start":{"line":96,"column":73},"end":{"line":98,"column":1}},"line":96},"6":{"name":"onPendingInvitations","decl":{"start":{"line":103,"column":16},"end":{"line":103,"column":36}},"loc":{"start":{"line":107,"column":14},"end":{"line":137,"column":1}},"line":107},"7":{"name":"(anonymous_7)","decl":{"start":{"line":117,"column":4},"end":{"line":117,"column":5}},"loc":{"start":{"line":117,"column":18},"end":{"line":132,"column":5}},"line":117},"8":{"name":"(anonymous_8)","decl":{"start":{"line":118,"column":58},"end":{"line":118,"column":59}},"loc":{"start":{"line":118,"column":65},"end":{"line":130,"column":7}},"line":118},"9":{"name":"(anonymous_9)","decl":{"start":{"line":133,"column":4},"end":{"line":133,"column":5}},"loc":{"start":{"line":133,"column":13},"end":{"line":135,"column":5}},"line":133}},"branchMap":{"0":{"loc":{"start":{"line":55,"column":2},"end":{"line":59,"column":3}},"type":"if","locations":[{"start":{"line":55,"column":2},"end":{"line":59,"column":3}},{"start":{},"end":{}}],"line":55},"1":{"loc":{"start":{"line":61,"column":2},"end":{"line":63,"column":3}},"type":"if","locations":[{"start":{"line":61,"column":2},"end":{"line":63,"column":3}},{"start":{},"end":{}}],"line":61},"2":{"loc":{"start":{"line":122,"column":22},"end":{"line":122,"column":43}},"type":"binary-expr","locations":[{"start":{"line":122,"column":22},"end":{"line":122,"column":37}},{"start":{"line":122,"column":41},"end":{"line":122,"column":43}}],"line":122},"3":{"loc":{"start":{"line":123,"column":21},"end":{"line":123,"column":41}},"type":"binary-expr","locations":[{"start":{"line":123,"column":21},"end":{"line":123,"column":35}},{"start":{"line":123,"column":39},"end":{"line":123,"column":41}}],"line":123},"4":{"loc":{"start":{"line":124,"column":19},"end":{"line":124,"column":37}},"type":"binary-expr","locations":[{"start":{"line":124,"column":19},"end":{"line":124,"column":31}},{"start":{"line":124,"column":35},"end":{"line":124,"column":37}}],"line":124},"5":{"loc":{"start":{"line":125,"column":18},"end":{"line":125,"column":35}},"type":"binary-expr","locations":[{"start":{"line":125,"column":18},"end":{"line":125,"column":29}},{"start":{"line":125,"column":33},"end":{"line":125,"column":35}}],"line":125},"6":{"loc":{"start":{"line":126,"column":21},"end":{"line":126,"column":41}},"type":"binary-expr","locations":[{"start":{"line":126,"column":21},"end":{"line":126,"column":35}},{"start":{"line":126,"column":39},"end":{"line":126,"column":41}}],"line":126},"7":{"loc":{"start":{"line":127,"column":18},"end":{"line":127,"column":42}},"type":"binary-expr","locations":[{"start":{"line":127,"column":18},"end":{"line":127,"column":29}},{"start":{"line":127,"column":33},"end":{"line":127,"column":42}}],"line":127},"8":{"loc":{"start":{"line":128,"column":21},"end":{"line":128,"column":59}},"type":"binary-expr","locations":[{"start":{"line":128,"column":21},"end":{"line":128,"column":45}},{"start":{"line":128,"column":49},"end":{"line":128,"column":59}}],"line":128}},"s":{"0":2,"1":2,"2":1,"3":3,"4":3,"5":3,"6":1,"7":2,"8":1,"9":1,"10":1,"11":1,"12":1,"13":1,"14":1,"15":1,"16":1,"17":1,"18":0,"19":0,"20":0,"21":0,"22":0},"f":{"0":2,"1":2,"2":1,"3":3,"4":1,"5":1,"6":1,"7":0,"8":0,"9":0},"b":{"0":[1,2],"1":[1,1],"2":[0,0],"3":[0,0],"4":[0,0],"5":[0,0],"6":[0,0],"7":[0,0],"8":[0,0]},"_coverageSchema":"1a1c01bbd47fc00a2c39e90264f33305004495a9","hash":"905f95cc89b56f460afcc36cf4677892c00974a8"}
,"/mnt/c/Users/robot/VibeCodeTour/pisilist/src/services/notifications.ts": {"path":"/mnt/c/Users/robot/VibeCodeTour/pisilist/src/services/notifications.ts","statementMap":{"0":{"start":{"line":10,"column":2},"end":{"line":18,"column":5}},"1":{"start":{"line":11,"column":37},"end":{"line":17,"column":5}},"2":{"start":{"line":21,"column":37},"end":{"line":21,"column":78}},"3":{"start":{"line":22,"column":20},"end":{"line":22,"column":34}},"4":{"start":{"line":24,"column":2},"end":{"line":27,"column":3}},"5":{"start":{"line":25,"column":23},"end":{"line":25,"column":68}},"6":{"start":{"line":26,"column":4},"end":{"line":26,"column":25}},"7":{"start":{"line":29,"column":2},"end":{"line":32,"column":3}},"8":{"start":{"line":30,"column":4},"end":{"line":30,"column":57}},"9":{"start":{"line":31,"column":4},"end":{"line":31,"column":17}},"10":{"start":{"line":35,"column":2},"end":{"line":42,"column":3}},"11":{"start":{"line":36,"column":4},"end":{"line":41,"column":7}},"12":{"start":{"line":44,"column":2},"end":{"line":44,"column":14}},"13":{"start":{"line":58,"column":14},"end":{"line":58,"column":24}},"14":{"start":{"line":59,"column":2},"end":{"line":59,"column":34}},"15":{"start":{"line":59,"column":24},"end":{"line":59,"column":34}},"16":{"start":{"line":61,"column":13},"end":{"line":73,"column":4}},"17":{"start":{"line":75,"column":2},"end":{"line":75,"column":12}},"18":{"start":{"line":84,"column":2},"end":{"line":84,"column":30}},"19":{"start":{"line":84,"column":23},"end":{"line":84,"column":30}},"20":{"start":{"line":85,"column":2},"end":{"line":85,"column":71}},"21":{"start":{"line":95,"column":2},"end":{"line":99,"column":4}},"22":{"start":{"line":98,"column":19},"end":{"line":98,"column":69}}},"fnMap":{"0":{"name":"setupNotifications","decl":{"start":{"line":8,"column":22},"end":{"line":8,"column":40}},"loc":{"start":{"line":8,"column":61},"end":{"line":45,"column":1}},"line":8},"1":{"name":"(anonymous_1)","decl":{"start":{"line":11,"column":24},"end":{"line":11,"column":25}},"loc":{"start":{"line":11,"column":37},"end":{"line":17,"column":5}},"line":11},"2":{"name":"scheduleReminder","decl":{"start":{"line":51,"column":22},"end":{"line":51,"column":38}},"loc":{"start":{"line":56,"column":19},"end":{"line":76,"column":1}},"line":56},"3":{"name":"cancelReminder","decl":{"start":{"line":81,"column":22},"end":{"line":81,"column":36}},"loc":{"start":{"line":83,"column":17},"end":{"line":86,"column":1}},"line":83},"4":{"name":"cancelAllRemindersForTask","decl":{"start":{"line":92,"column":22},"end":{"line":92,"column":47}},"loc":{"start":{"line":94,"column":17},"end":{"line":100,"column":1}},"line":94},"5":{"name":"(anonymous_5)","decl":{"start":{"line":98,"column":11},"end":{"line":98,"column":12}},"loc":{"start":{"line":98,"column":19},"end":{"line":98,"column":69}},"line":98}},"branchMap":{"0":{"loc":{"start":{"line":24,"column":2},"end":{"line":27,"column":3}},"type":"if","locations":[{"start":{"line":24,"column":2},"end":{"line":27,"column":3}},{"start":{},"end":{}}],"line":24},"1":{"loc":{"start":{"line":29,"column":2},"end":{"line":32,"column":3}},"type":"if","locations":[{"start":{"line":29,"column":2},"end":{"line":32,"column":3}},{"start":{},"end":{}}],"line":29},"2":{"loc":{"start":{"line":35,"column":2},"end":{"line":42,"column":3}},"type":"if","locations":[{"start":{"line":35,"column":2},"end":{"line":42,"column":3}},{"start":{},"end":{}}],"line":35},"3":{"loc":{"start":{"line":59,"column":2},"end":{"line":59,"column":34}},"type":"if","locations":[{"start":{"line":59,"column":2},"end":{"line":59,"column":34}},{"start":{},"end":{}}],"line":59},"4":{"loc":{"start":{"line":67,"column":10},"end":{"line":67,"column":69}},"type":"cond-expr","locations":[{"start":{"line":67,"column":38},"end":{"line":67,"column":64}},{"start":{"line":67,"column":67},"end":{"line":67,"column":69}}],"line":67},"5":{"loc":{"start":{"line":84,"column":2},"end":{"line":84,"column":30}},"type":"if","locations":[{"start":{"line":84,"column":2},"end":{"line":84,"column":30}},{"start":{},"end":{}}],"line":84}},"s":{"0":1,"1":0,"2":1,"3":1,"4":1,"5":0,"6":0,"7":1,"8":0,"9":0,"10":1,"11":0,"12":1,"13":2,"14":2,"15":1,"16":1,"17":1,"18":2,"19":1,"20":1,"21":2,"22":3},"f":{"0":1,"1":0,"2":2,"3":2,"4":2,"5":3},"b":{"0":[0,1],"1":[0,1],"2":[0,1],"3":[1,1],"4":[0,1],"5":[1,1]},"_coverageSchema":"1a1c01bbd47fc00a2c39e90264f33305004495a9","hash":"03ac7d1d1b5d471b2f7172b553cf2cdfcbd739ce"}
,"/mnt/c/Users/robot/VibeCodeTour/pisilist/src/services/users.ts": {"path":"/mnt/c/Users/robot/VibeCodeTour/pisilist/src/services/users.ts","statementMap":{"0":{"start":{"line":19,"column":18},"end":{"line":19,"column":39}},"1":{"start":{"line":20,"column":15},"end":{"line":20,"column":36}},"2":{"start":{"line":22,"column":2},"end":{"line":37,"column":3}},"3":{"start":{"line":24,"column":4},"end":{"line":28,"column":6}},"4":{"start":{"line":30,"column":4},"end":{"line":36,"column":7}},"5":{"start":{"line":44,"column":12},"end":{"line":47,"column":3}},"6":{"start":{"line":48,"column":19},"end":{"line":48,"column":35}},"7":{"start":{"line":50,"column":2},"end":{"line":50,"column":34}},"8":{"start":{"line":50,"column":22},"end":{"line":50,"column":34}},"9":{"start":{"line":52,"column":15},"end":{"line":52,"column":38}},"10":{"start":{"line":53,"column":2},"end":{"line":57,"column":4}},"11":{"start":{"line":64,"column":15},"end":{"line":64,"column":50}},"12":{"start":{"line":65,"column":2},"end":{"line":65,"column":34}},"13":{"start":{"line":65,"column":22},"end":{"line":65,"column":34}},"14":{"start":{"line":66,"column":15},"end":{"line":66,"column":26}},"15":{"start":{"line":67,"column":2},"end":{"line":70,"column":4}},"16":{"start":{"line":77,"column":18},"end":{"line":77,"column":75}},"17":{"start":{"line":79,"column":2},"end":{"line":84,"column":4}},"18":{"start":{"line":81,"column":19},"end":{"line":81,"column":42}},"19":{"start":{"line":82,"column":6},"end":{"line":82,"column":39}},"20":{"start":{"line":82,"column":16},"end":{"line":82,"column":39}},"21":{"start":{"line":85,"column":2},"end":{"line":85,"column":17}}},"fnMap":{"0":{"name":"upsertUser","decl":{"start":{"line":14,"column":22},"end":{"line":14,"column":32}},"loc":{"start":{"line":18,"column":17},"end":{"line":38,"column":1}},"line":18},"1":{"name":"findUserByEmail","decl":{"start":{"line":41,"column":22},"end":{"line":41,"column":37}},"loc":{"start":{"line":43,"column":71},"end":{"line":58,"column":1}},"line":43},"2":{"name":"getUserByUid","decl":{"start":{"line":61,"column":22},"end":{"line":61,"column":34}},"loc":{"start":{"line":63,"column":58},"end":{"line":71,"column":1}},"line":63},"3":{"name":"getUsersByUids","decl":{"start":{"line":74,"column":22},"end":{"line":74,"column":36}},"loc":{"start":{"line":76,"column":64},"end":{"line":86,"column":1}},"line":76},"4":{"name":"(anonymous_4)","decl":{"start":{"line":80,"column":13},"end":{"line":80,"column":14}},"loc":{"start":{"line":80,"column":28},"end":{"line":83,"column":5}},"line":80}},"branchMap":{"0":{"loc":{"start":{"line":22,"column":2},"end":{"line":37,"column":3}},"type":"if","locations":[{"start":{"line":22,"column":2},"end":{"line":37,"column":3}},{"start":{"line":29,"column":9},"end":{"line":37,"column":3}}],"line":22},"1":{"loc":{"start":{"line":50,"column":2},"end":{"line":50,"column":34}},"type":"if","locations":[{"start":{"line":50,"column":2},"end":{"line":50,"column":34}},{"start":{},"end":{}}],"line":50},"2":{"loc":{"start":{"line":55,"column":11},"end":{"line":55,"column":27}},"type":"binary-expr","locations":[{"start":{"line":55,"column":11},"end":{"line":55,"column":21}},{"start":{"line":55,"column":25},"end":{"line":55,"column":27}}],"line":55},"3":{"loc":{"start":{"line":56,"column":17},"end":{"line":56,"column":39}},"type":"binary-expr","locations":[{"start":{"line":56,"column":17},"end":{"line":56,"column":33}},{"start":{"line":56,"column":37},"end":{"line":56,"column":39}}],"line":56},"4":{"loc":{"start":{"line":65,"column":2},"end":{"line":65,"column":34}},"type":"if","locations":[{"start":{"line":65,"column":2},"end":{"line":65,"column":34}},{"start":{},"end":{}}],"line":65},"5":{"loc":{"start":{"line":68,"column":11},"end":{"line":68,"column":27}},"type":"binary-expr","locations":[{"start":{"line":68,"column":11},"end":{"line":68,"column":21}},{"start":{"line":68,"column":25},"end":{"line":68,"column":27}}],"line":68},"6":{"loc":{"start":{"line":69,"column":17},"end":{"line":69,"column":39}},"type":"binary-expr","locations":[{"start":{"line":69,"column":17},"end":{"line":69,"column":33}},{"start":{"line":69,"column":37},"end":{"line":69,"column":39}}],"line":69},"7":{"loc":{"start":{"line":82,"column":6},"end":{"line":82,"column":39}},"type":"if","locations":[{"start":{"line":82,"column":6},"end":{"line":82,"column":39}},{"start":{},"end":{}}],"line":82}},"s":{"0":1,"1":1,"2":1,"3":0,"4":1,"5":1,"6":1,"7":1,"8":1,"9":0,"10":0,"11":3,"12":3,"13":3,"14":0,"15":0,"16":1,"17":1,"18":2,"19":2,"20":0,"21":1},"f":{"0":1,"1":1,"2":3,"3":1,"4":2},"b":{"0":[0,1],"1":[1,0],"2":[0,0],"3":[0,0],"4":[3,0],"5":[0,0],"6":[0,0],"7":[0,2]},"_coverageSchema":"1a1c01bbd47fc00a2c39e90264f33305004495a9","hash":"28c9632f89aab95c67e3002f08853672407c6c08"}
,"/mnt/c/Users/robot/VibeCodeTour/pisilist/src/types/index.ts": {"path":"/mnt/c/Users/robot/VibeCodeTour/pisilist/src/types/index.ts","statementMap":{},"fnMap":{},"branchMap":{},"s":{},"f":{},"b":{}}
}
