TN:
SF:src/components/AssigneePicker.tsx
FN:22,AssigneePicker
FN:35,(anonymous_1)
FN:40,(anonymous_2)
FN:46,(anonymous_3)
FN:53,(anonymous_4)
FN:84,(anonymous_5)
FN:85,(anonymous_6)
FN:96,(anonymous_7)
FNF:8
FNH:0
FNDA:0,AssigneePicker
FNDA:0,(anonymous_1)
FNDA:0,(anonymous_2)
FNDA:0,(anonymous_3)
FNDA:0,(anonymous_4)
FNDA:0,(anonymous_5)
FNDA:0,(anonymous_6)
FNDA:0,(anonymous_7)
DA:30,0
DA:33,0
DA:35,0
DA:36,0
DA:38,0
DA:39,0
DA:40,0
DA:41,0
DA:42,0
DA:46,0
DA:47,0
DA:48,0
DA:51,0
DA:53,0
DA:60,0
DA:84,0
DA:87,0
DA:90,0
DA:97,0
DA:98,0
DA:141,0
LF:21
LH:0
BRDA:36,0,0,0
BRDA:36,0,1,0
BRDA:48,1,0,0
BRDA:48,1,1,0
BRDA:55,2,0,0
BRDA:55,2,1,0
BRDA:75,3,0,0
BRDA:75,3,1,0
BRDA:84,4,0,0
BRDA:84,4,1,0
BRDA:87,5,0,0
BRDA:87,5,1,0
BRDA:87,5,2,0
BRDA:94,6,0,0
BRDA:94,6,1,0
BRDA:104,7,0,0
BRDA:104,7,1,0
BRDA:105,8,0,0
BRDA:105,8,1,0
BRDA:113,9,0,0
BRDA:113,9,1,0
BRDA:118,10,0,0
BRDA:118,10,1,0
BRF:23
BRH:0
end_of_record
TN:
SF:src/components/CardPreview.tsx
FN:21,CardPreview
FNF:1
FNH:1
FNDA:13,CardPreview
DA:19,1
DA:28,13
DA:29,13
DA:31,13
DA:73,1
LF:5
LH:5
BRDA:23,0,0,8
BRDA:24,1,0,10
BRDA:29,2,0,13
BRDA:29,2,1,2
BRDA:33,3,0,13
BRDA:33,3,1,1
BRDA:41,4,0,13
BRDA:41,4,1,1
BRDA:44,5,0,13
BRDA:44,5,1,1
BRDA:46,6,0,13
BRDA:46,6,1,4
BRDA:49,7,0,1
BRDA:49,7,1,3
BRDA:54,8,0,13
BRDA:54,8,1,3
BRDA:58,9,0,13
BRDA:58,9,1,9
BRDA:62,10,0,13
BRDA:62,10,1,2
BRF:20
BRH:20
end_of_record
TN:
SF:src/components/ReminderModal.tsx
FN:25,ReminderModal
FN:36,(anonymous_1)
FN:49,(anonymous_2)
FN:59,(anonymous_3)
FN:100,(anonymous_4)
FN:107,(anonymous_5)
FN:123,(anonymous_6)
FN:146,(anonymous_7)
FN:161,(anonymous_8)
FNF:9
FNH:0
FNDA:0,ReminderModal
FNDA:0,(anonymous_1)
FNDA:0,(anonymous_2)
FNDA:0,(anonymous_3)
FNDA:0,(anonymous_4)
FNDA:0,(anonymous_5)
FNDA:0,(anonymous_6)
FNDA:0,(anonymous_7)
FNDA:0,(anonymous_8)
DA:33,0
DA:34,0
DA:36,0
DA:38,0
DA:39,0
DA:40,0
DA:41,0
DA:42,0
DA:45,0
DA:49,0
DA:50,0
DA:52,0
DA:53,0
DA:55,0
DA:59,0
DA:60,0
DA:66,0
DA:70,0
DA:73,0
DA:101,0
DA:107,0
DA:123,0
DA:147,0
DA:148,0
DA:162,0
DA:175,0
LF:26
LH:0
BRDA:38,0,0,0
BRDA:38,0,1,0
BRDA:40,1,0,0
BRDA:40,1,1,0
BRDA:40,2,0,0
BRDA:40,2,1,0
BRDA:45,3,0,0
BRDA:45,3,1,0
BRDA:50,4,0,0
BRDA:50,4,1,0
BRDA:97,5,0,0
BRDA:97,5,1,0
BRDA:131,6,0,0
BRDA:131,6,1,0
BRDA:135,7,0,0
BRDA:135,7,1,0
BRDA:143,8,0,0
BRDA:143,8,1,0
BRDA:143,8,2,0
BRDA:158,9,0,0
BRDA:158,9,1,0
BRF:21
BRH:0
end_of_record
TN:
SF:src/config/firebase.ts
FNF:0
FNH:0
DA:5,6
DA:14,6
DA:15,0
DA:21,6
DA:23,6
DA:24,6
LF:6
LH:5
BRDA:14,0,0,0
BRDA:14,0,1,6
BRDA:14,1,0,6
BRDA:14,1,1,6
BRDA:21,2,0,6
BRDA:21,2,1,0
BRF:6
BRH:4
end_of_record
TN:
SF:src/contexts/AuthContext.tsx
FN:17,AuthProvider
FN:24,(anonymous_1)
FN:25,(anonymous_2)
FN:40,useAuth
FNF:4
FNH:3
FNDA:2,AuthProvider
FNDA:2,(anonymous_1)
FNDA:0,(anonymous_2)
FNDA:2,useAuth
DA:11,1
DA:18,2
DA:24,2
DA:25,2
DA:26,0
DA:33,2
DA:36,2
DA:41,2
LF:8
LH:7
BRF:0
BRH:0
end_of_record
TN:
SF:src/contexts/CardsContext.tsx
FN:19,CardsProvider
FN:27,(anonymous_1)
FN:33,(anonymous_2)
FN:38,(anonymous_3)
FN:39,(anonymous_4)
FN:44,(anonymous_5)
FN:49,(anonymous_6)
FN:55,(anonymous_7)
FN:69,useCards
FNF:9
FNH:0
FNDA:0,CardsProvider
FNDA:0,(anonymous_1)
FNDA:0,(anonymous_2)
FNDA:0,(anonymous_3)
FNDA:0,(anonymous_4)
FNDA:0,(anonymous_5)
FNDA:0,(anonymous_6)
FNDA:0,(anonymous_7)
FNDA:0,useCards
DA:13,0
DA:20,0
DA:21,0
DA:27,0
DA:28,0
DA:29,0
DA:30,0
DA:33,0
DA:35,0
DA:36,0
DA:39,0
DA:40,0
DA:43,0
DA:45,0
DA:49,0
DA:50,0
DA:51,0
DA:53,0
DA:56,0
DA:60,0
DA:63,0
DA:70,0
LF:22
LH:0
BRDA:28,0,0,0
BRDA:28,0,1,0
BRDA:45,1,0,0
BRDA:45,1,1,0
BRDA:50,2,0,0
BRDA:50,2,1,0
BRDA:50,3,0,0
BRDA:50,3,1,0
BRF:8
BRH:0
end_of_record
TN:
SF:src/contexts/InvitationsContext.tsx
FN:16,InvitationsProvider
FN:27,(anonymous_1)
FN:35,(anonymous_2)
FN:38,(anonymous_3)
FN:55,useInvitations
FNF:5
FNH:0
FNDA:0,InvitationsProvider
FNDA:0,(anonymous_1)
FNDA:0,(anonymous_2)
FNDA:0,(anonymous_3)
FNDA:0,useInvitations
DA:11,0
DA:21,0
DA:22,0
DA:27,0
DA:28,0
DA:29,0
DA:30,0
DA:33,0
DA:36,0
DA:39,0
DA:40,0
DA:44,0
DA:47,0
DA:56,0
LF:14
LH:0
BRDA:28,0,0,0
BRDA:28,0,1,0
BRF:2
BRH:0
end_of_record
TN:
SF:src/navigation/AppNavigator.tsx
FN:27,AuthNavigator
FN:41,AppNavigator
FN:55,RootNavigator
FNF:3
FNH:0
FNDA:0,AuthNavigator
FNDA:0,AppNavigator
FNDA:0,RootNavigator
DA:24,0
DA:25,0
DA:28,0
DA:42,0
DA:56,0
DA:58,0
DA:59,0
DA:68,0
LF:8
LH:0
BRDA:58,0,0,0
BRDA:58,0,1,0
BRDA:68,1,0,0
BRDA:68,1,1,0
BRF:4
BRH:0
end_of_record
TN:
SF:src/screens/CardDetailScreen.tsx
FN:48,CardDetailScreen
FN:76,(anonymous_1)
FN:80,(anonymous_2)
FN:83,(anonymous_3)
FN:89,(anonymous_4)
FN:95,(anonymous_5)
FN:99,(anonymous_6)
FN:100,(anonymous_7)
FN:106,(anonymous_8)
FN:115,(anonymous_9)
FN:124,(anonymous_10)
FN:136,(anonymous_11)
FN:145,(anonymous_12)
FN:159,(anonymous_13)
FN:167,(anonymous_14)
FN:173,(anonymous_15)
FN:184,(anonymous_16)
FN:198,(anonymous_17)
FN:219,(anonymous_18)
FN:233,(anonymous_19)
FN:260,(anonymous_20)
FN:264,(anonymous_21)
FN:271,(anonymous_22)
FN:281,(anonymous_23)
FN:288,(anonymous_24)
FN:289,(anonymous_25)
FN:304,(anonymous_26)
FN:323,(anonymous_27)
FN:349,(anonymous_28)
FN:359,(anonymous_29)
FN:374,(anonymous_30)
FN:381,(anonymous_31)
FN:384,(anonymous_32)
FN:385,(anonymous_33)
FN:386,(anonymous_34)
FN:387,(anonymous_35)
FN:396,(anonymous_36)
FN:407,(anonymous_37)
FN:412,(anonymous_38)
FN:413,(anonymous_39)
FN:414,(anonymous_40)
FN:415,(anonymous_41)
FN:454,(anonymous_42)
FN:475,(anonymous_43)
FN:500,(anonymous_44)
FN:512,(anonymous_45)
FN:521,TaskRow
FNF:47
FNH:0
FNDA:0,CardDetailScreen
FNDA:0,(anonymous_1)
FNDA:0,(anonymous_2)
FNDA:0,(anonymous_3)
FNDA:0,(anonymous_4)
FNDA:0,(anonymous_5)
FNDA:0,(anonymous_6)
FNDA:0,(anonymous_7)
FNDA:0,(anonymous_8)
FNDA:0,(anonymous_9)
FNDA:0,(anonymous_10)
FNDA:0,(anonymous_11)
FNDA:0,(anonymous_12)
FNDA:0,(anonymous_13)
FNDA:0,(anonymous_14)
FNDA:0,(anonymous_15)
FNDA:0,(anonymous_16)
FNDA:0,(anonymous_17)
FNDA:0,(anonymous_18)
FNDA:0,(anonymous_19)
FNDA:0,(anonymous_20)
FNDA:0,(anonymous_21)
FNDA:0,(anonymous_22)
FNDA:0,(anonymous_23)
FNDA:0,(anonymous_24)
FNDA:0,(anonymous_25)
FNDA:0,(anonymous_26)
FNDA:0,(anonymous_27)
FNDA:0,(anonymous_28)
FNDA:0,(anonymous_29)
FNDA:0,(anonymous_30)
FNDA:0,(anonymous_31)
FNDA:0,(anonymous_32)
FNDA:0,(anonymous_33)
FNDA:0,(anonymous_34)
FNDA:0,(anonymous_35)
FNDA:0,(anonymous_36)
FNDA:0,(anonymous_37)
FNDA:0,(anonymous_38)
FNDA:0,(anonymous_39)
FNDA:0,(anonymous_40)
FNDA:0,(anonymous_41)
FNDA:0,(anonymous_42)
FNDA:0,(anonymous_43)
FNDA:0,(anonymous_44)
FNDA:0,(anonymous_45)
FNDA:0,TaskRow
DA:49,0
DA:50,0
DA:51,0
DA:53,0
DA:54,0
DA:55,0
DA:56,0
DA:57,0
DA:58,0
DA:59,0
DA:60,0
DA:63,0
DA:64,0
DA:65,0
DA:67,0
DA:68,0
DA:71,0
DA:76,0
DA:77,0
DA:78,0
DA:81,0
DA:82,0
DA:83,0
DA:85,0
DA:87,0
DA:89,0
DA:91,0
DA:95,0
DA:96,0
DA:97,0
DA:100,0
DA:101,0
DA:103,0
DA:104,0
DA:107,0
DA:108,0
DA:111,0
DA:115,0
DA:116,0
DA:117,0
DA:120,0
DA:124,0
DA:125,0
DA:126,0
DA:127,0
DA:128,0
DA:130,0
DA:133,0
DA:136,0
DA:137,0
DA:146,0
DA:147,0
DA:148,0
DA:150,0
DA:159,0
DA:160,0
DA:161,0
DA:163,0
DA:167,0
DA:168,0
DA:174,0
DA:175,0
DA:177,0
DA:184,0
DA:185,0
DA:186,0
DA:187,0
DA:188,0
DA:189,0
DA:190,0
DA:192,0
DA:194,0
DA:198,0
DA:199,0
DA:200,0
DA:202,0
DA:203,0
DA:204,0
DA:209,0
DA:210,0
DA:211,0
DA:213,0
DA:215,0
DA:219,0
DA:220,0
DA:221,0
DA:224,0
DA:225,0
DA:227,0
DA:229,0
DA:233,0
DA:234,0
DA:236,0
DA:242,0
DA:250,0
DA:252,0
DA:253,0
DA:254,0
DA:256,0
DA:260,0
DA:261,0
DA:263,0
DA:264,0
DA:266,0
DA:267,0
DA:270,0
DA:271,0
DA:273,0
DA:274,0
DA:276,0
DA:281,0
DA:282,0
DA:283,0
DA:286,0
DA:288,0
DA:289,0
DA:291,0
DA:292,0
DA:299,0
DA:304,0
DA:324,0
DA:325,0
DA:350,0
DA:359,0
DA:374,0
DA:382,0
DA:384,0
DA:385,0
DA:386,0
DA:387,0
DA:396,0
DA:408,0
DA:412,0
DA:413,0
DA:414,0
DA:415,0
DA:454,0
DA:476,0
DA:477,0
DA:500,0
DA:512,0
DA:536,0
DA:596,0
LF:143
LH:0
BRDA:81,0,0,0
BRDA:81,0,1,0
BRDA:116,1,0,0
BRDA:116,1,1,0
BRDA:118,2,0,0
BRDA:118,2,1,0
BRDA:126,3,0,0
BRDA:126,3,1,0
BRDA:126,4,0,0
BRDA:126,4,1,0
BRDA:186,5,0,0
BRDA:186,5,1,0
BRDA:200,6,0,0
BRDA:200,6,1,0
BRDA:200,7,0,0
BRDA:200,7,1,0
BRDA:200,7,2,0
BRDA:220,8,0,0
BRDA:220,8,1,0
BRDA:221,9,0,0
BRDA:221,9,1,0
BRDA:222,10,0,0
BRDA:222,10,1,0
BRDA:234,11,0,0
BRDA:234,11,1,0
BRDA:234,12,0,0
BRDA:234,12,1,0
BRDA:261,13,0,0
BRDA:261,13,1,0
BRDA:266,14,0,0
BRDA:266,14,1,0
BRDA:267,15,0,0
BRDA:267,15,1,0
BRDA:283,16,0,0
BRDA:283,16,1,0
BRDA:283,17,0,0
BRDA:283,17,1,0
BRDA:291,18,0,0
BRDA:291,18,1,0
BRDA:310,19,0,0
BRDA:310,19,1,0
BRDA:324,20,0,0
BRDA:324,20,1,0
BRDA:329,21,0,0
BRDA:329,21,1,0
BRDA:334,22,0,0
BRDA:334,22,1,0
BRDA:346,23,0,0
BRDA:346,23,1,0
BRDA:346,24,0,0
BRDA:346,24,1,0
BRDA:352,25,0,0
BRDA:352,25,1,0
BRDA:356,26,0,0
BRDA:356,26,1,0
BRDA:370,27,0,0
BRDA:370,27,1,0
BRDA:377,28,0,0
BRDA:377,28,1,0
BRDA:377,29,0,0
BRDA:377,29,1,0
BRDA:392,30,0,0
BRDA:392,30,1,0
BRDA:400,31,0,0
BRDA:400,31,1,0
BRDA:406,32,0,0
BRDA:406,32,1,0
BRDA:435,33,0,0
BRDA:435,33,1,0
BRDA:458,34,0,0
BRDA:458,34,1,0
BRDA:485,35,0,0
BRDA:485,35,1,0
BRDA:502,36,0,0
BRDA:502,36,1,0
BRDA:503,37,0,0
BRDA:503,37,1,0
BRDA:504,38,0,0
BRDA:504,38,1,0
BRDA:510,39,0,0
BRDA:510,39,1,0
BRDA:511,40,0,0
BRDA:511,40,1,0
BRDA:523,41,0,0
BRDA:537,42,0,0
BRDA:537,42,1,0
BRDA:541,43,0,0
BRDA:541,43,1,0
BRDA:546,44,0,0
BRDA:546,44,1,0
BRDA:553,45,0,0
BRDA:553,45,1,0
BRDA:566,46,0,0
BRDA:566,46,1,0
BRDA:569,47,0,0
BRDA:569,47,1,0
BRDA:582,48,0,0
BRDA:582,48,1,0
BRF:98
BRH:0
end_of_record
TN:
SF:src/screens/DashboardScreen.tsx
FN:29,DashboardScreen
FN:38,(anonymous_1)
FN:39,(anonymous_2)
FN:41,(anonymous_3)
FN:47,(anonymous_4)
FN:54,(anonymous_5)
FN:75,(anonymous_6)
FN:82,(anonymous_7)
FN:91,(anonymous_8)
FN:98,(anonymous_9)
FN:113,(anonymous_10)
FN:131,(anonymous_11)
FN:173,(anonymous_12)
FN:178,(anonymous_13)
FN:200,(anonymous_14)
FN:211,(anonymous_15)
FN:235,(anonymous_16)
FNF:17
FNH:0
FNDA:0,DashboardScreen
FNDA:0,(anonymous_1)
FNDA:0,(anonymous_2)
FNDA:0,(anonymous_3)
FNDA:0,(anonymous_4)
FNDA:0,(anonymous_5)
FNDA:0,(anonymous_6)
FNDA:0,(anonymous_7)
FNDA:0,(anonymous_8)
FNDA:0,(anonymous_9)
FNDA:0,(anonymous_10)
FNDA:0,(anonymous_11)
FNDA:0,(anonymous_12)
FNDA:0,(anonymous_13)
FNDA:0,(anonymous_14)
FNDA:0,(anonymous_15)
FNDA:0,(anonymous_16)
DA:30,0
DA:31,0
DA:32,0
DA:33,0
DA:34,0
DA:35,0
DA:36,0
DA:38,0
DA:39,0
DA:41,0
DA:42,0
DA:48,0
DA:54,0
DA:55,0
DA:56,0
DA:57,0
DA:58,0
DA:59,0
DA:61,0
DA:63,0
DA:64,0
DA:65,0
DA:67,0
DA:69,0
DA:70,0
DA:71,0
DA:74,0
DA:76,0
DA:81,0
DA:84,0
DA:85,0
DA:91,0
DA:98,0
DA:99,0
DA:102,0
DA:103,0
DA:104,0
DA:105,0
DA:107,0
DA:108,0
DA:109,0
DA:112,0
DA:114,0
DA:115,0
DA:116,0
DA:121,0
DA:131,0
DA:174,0
DA:178,0
DA:200,0
DA:212,0
DA:213,0
DA:236,0
DA:237,0
DA:262,0
LF:55
LH:0
BRDA:56,0,0,0
BRDA:56,0,1,0
BRDA:61,1,0,0
BRDA:61,1,1,0
BRDA:67,2,0,0
BRDA:67,2,1,0
BRDA:88,3,0,0
BRDA:88,3,1,0
BRDA:89,4,0,0
BRDA:89,4,1,0
BRDA:103,5,0,0
BRDA:103,5,1,0
BRDA:107,6,0,0
BRDA:107,6,1,0
BRDA:114,7,0,0
BRDA:114,7,1,0
BRDA:115,8,0,0
BRDA:115,8,1,0
BRDA:135,9,0,0
BRDA:135,9,1,0
BRDA:138,10,0,0
BRDA:138,10,1,0
BRDA:152,11,0,0
BRDA:152,11,1,0
BRDA:157,12,0,0
BRDA:157,12,1,0
BRDA:161,13,0,0
BRDA:161,13,1,0
BRDA:161,14,0,0
BRDA:161,14,1,0
BRDA:174,15,0,0
BRDA:174,15,1,0
BRDA:178,16,0,0
BRDA:178,16,1,0
BRDA:178,17,0,0
BRDA:178,17,1,0
BRDA:188,18,0,0
BRDA:188,18,1,0
BRDA:218,19,0,0
BRDA:218,19,1,0
BRDA:245,20,0,0
BRDA:245,20,1,0
BRDA:251,21,0,0
BRDA:251,21,1,0
BRF:44
BRH:0
end_of_record
TN:
SF:src/screens/InvitationsScreen.tsx
FN:21,InvitationsScreen
FN:27,(anonymous_1)
FN:29,(anonymous_2)
FN:35,(anonymous_3)
FN:42,(anonymous_4)
FN:43,(anonymous_5)
FN:49,(anonymous_6)
FN:56,(anonymous_7)
FN:69,(anonymous_8)
FN:78,(anonymous_9)
FN:92,(anonymous_10)
FN:97,(anonymous_11)
FN:115,(anonymous_12)
FN:118,(anonymous_13)
FNF:14
FNH:0
FNDA:0,InvitationsScreen
FNDA:0,(anonymous_1)
FNDA:0,(anonymous_2)
FNDA:0,(anonymous_3)
FNDA:0,(anonymous_4)
FNDA:0,(anonymous_5)
FNDA:0,(anonymous_6)
FNDA:0,(anonymous_7)
FNDA:0,(anonymous_8)
FNDA:0,(anonymous_9)
FNDA:0,(anonymous_10)
FNDA:0,(anonymous_11)
FNDA:0,(anonymous_12)
FNDA:0,(anonymous_13)
DA:22,0
DA:23,0
DA:24,0
DA:25,0
DA:27,0
DA:28,0
DA:29,0
DA:30,0
DA:31,0
DA:33,0
DA:35,0
DA:36,0
DA:37,0
DA:38,0
DA:42,0
DA:43,0
DA:44,0
DA:45,0
DA:47,0
DA:49,0
DA:50,0
DA:51,0
DA:52,0
DA:56,0
DA:57,0
DA:59,0
DA:69,0
DA:78,0
DA:89,0
DA:92,0
DA:97,0
DA:115,0
DA:118,0
DA:125,0
LF:34
LH:0
BRDA:28,0,0,0
BRDA:28,0,1,0
BRDA:33,1,0,0
BRDA:33,1,1,0
BRDA:47,2,0,0
BRDA:47,2,1,0
BRDA:68,3,0,0
BRDA:68,3,1,0
BRDA:77,4,0,0
BRDA:77,4,1,0
BRDA:104,5,0,0
BRDA:104,5,1,0
BRDA:108,6,0,0
BRDA:108,6,1,0
BRF:14
BRH:0
end_of_record
TN:
SF:src/screens/LoginScreen.tsx
FN:19,LoginScreen
FN:24,(anonymous_1)
FN:82,(anonymous_2)
FN:86,(anonymous_3)
FNF:4
FNH:0
FNDA:0,LoginScreen
FNDA:0,(anonymous_1)
FNDA:0,(anonymous_2)
FNDA:0,(anonymous_3)
DA:20,0
DA:21,0
DA:22,0
DA:24,0
DA:25,0
DA:26,0
DA:27,0
DA:30,0
DA:31,0
DA:32,0
DA:34,0
DA:35,0
DA:40,0
DA:82,0
DA:86,0
DA:94,0
LF:16
LH:0
BRDA:25,0,0,0
BRDA:25,0,1,0
BRDA:25,1,0,0
BRDA:25,1,1,0
BRDA:34,2,0,0
BRDA:34,2,1,0
BRDA:43,3,0,0
BRDA:43,3,1,0
BRDA:70,4,0,0
BRDA:70,4,1,0
BRDA:75,5,0,0
BRDA:75,5,1,0
BRF:12
BRH:0
end_of_record
TN:
SF:src/screens/ResetPasswordScreen.tsx
FN:19,ResetPasswordScreen
FN:24,(anonymous_1)
FN:52,(anonymous_2)
FN:98,(anonymous_3)
FNF:4
FNH:0
FNDA:0,ResetPasswordScreen
FNDA:0,(anonymous_1)
FNDA:0,(anonymous_2)
FNDA:0,(anonymous_3)
DA:20,0
DA:21,0
DA:22,0
DA:24,0
DA:25,0
DA:26,0
DA:27,0
DA:30,0
DA:31,0
DA:32,0
DA:34,0
DA:35,0
DA:37,0
DA:41,0
DA:42,0
DA:52,0
DA:62,0
DA:98,0
DA:106,0
LF:19
LH:0
BRDA:25,0,0,0
BRDA:25,0,1,0
BRDA:34,1,0,0
BRDA:34,1,1,0
BRDA:41,2,0,0
BRDA:41,2,1,0
BRDA:65,3,0,0
BRDA:65,3,1,0
BRDA:86,4,0,0
BRDA:86,4,1,0
BRDA:91,5,0,0
BRDA:91,5,1,0
BRF:12
BRH:0
end_of_record
TN:
SF:src/screens/SignUpScreen.tsx
FN:19,SignUpScreen
FN:25,(anonymous_1)
FN:102,(anonymous_2)
FNF:3
FNH:0
FNDA:0,SignUpScreen
FNDA:0,(anonymous_1)
FNDA:0,(anonymous_2)
DA:20,0
DA:21,0
DA:22,0
DA:23,0
DA:25,0
DA:26,0
DA:27,0
DA:28,0
DA:31,0
DA:32,0
DA:33,0
DA:36,0
DA:37,0
DA:38,0
DA:41,0
DA:42,0
DA:43,0
DA:44,0
DA:46,0
DA:47,0
DA:52,0
DA:102,0
DA:110,0
LF:23
LH:0
BRDA:26,0,0,0
BRDA:26,0,1,0
BRDA:26,1,0,0
BRDA:26,1,1,0
BRDA:26,1,2,0
BRDA:31,2,0,0
BRDA:31,2,1,0
BRDA:36,3,0,0
BRDA:36,3,1,0
BRDA:46,4,0,0
BRDA:46,4,1,0
BRDA:55,5,0,0
BRDA:55,5,1,0
BRDA:90,6,0,0
BRDA:90,6,1,0
BRDA:95,7,0,0
BRDA:95,7,1,0
BRF:17
BRH:0
end_of_record
TN:
SF:src/services/auth.ts
FN:14,(anonymous_0)
FN:24,mapAuthError
FN:49,signUp
FN:68,signIn
FN:84,resetPassword
FN:99,logOut
FNF:6
FNH:5
FNDA:1,(anonymous_0)
FNDA:0,mapAuthError
FNDA:1,signUp
FNDA:1,signIn
FNDA:1,resetPassword
FNDA:1,logOut
DA:18,1
DA:19,1
DA:26,0
DA:37,0
DA:54,1
DA:55,1
DA:56,1
DA:58,1
DA:59,1
DA:61,0
DA:72,1
DA:73,1
DA:74,1
DA:76,0
DA:88,1
DA:89,1
DA:90,1
DA:92,0
DA:100,1
LF:19
LH:14
BRDA:26,0,0,0
BRDA:26,0,1,0
BRF:2
BRH:0
end_of_record
TN:
SF:src/services/cards.ts
FN:21,cardCollection
FN:25,cardDoc
FN:29,tasksCollection
FN:33,taskDoc
FN:38,toDate
FN:47,createCard
FN:65,updateCard
FN:76,deleteCard
FN:91,createTask
FN:120,updateTask
FN:129,toggleTask
FN:144,deleteTask
FN:163,addCollaborator
FN:174,updateTaskReminders
FN:185,cardsQuery
FN:196,tasksQuery
FN:202,docToCard
FN:214,docToTask
FN:220,(anonymous_18)
FNF:19
FNH:4
FNDA:0,cardCollection
FNDA:0,cardDoc
FNDA:0,tasksCollection
FNDA:0,taskDoc
FNDA:10,toDate
FNDA:0,createCard
FNDA:0,updateCard
FNDA:0,deleteCard
FNDA:0,createTask
FNDA:0,updateTask
FNDA:0,toggleTask
FNDA:0,deleteTask
FNDA:0,addCollaborator
FNDA:0,updateTaskReminders
FNDA:0,cardsQuery
FNDA:0,tasksQuery
FNDA:3,docToCard
FNDA:3,docToTask
FNDA:1,(anonymous_18)
DA:22,0
DA:26,0
DA:30,0
DA:34,0
DA:39,10
DA:40,8
DA:41,0
DA:51,0
DA:61,0
DA:69,0
DA:77,0
DA:78,0
DA:80,0
DA:81,0
DA:83,0
DA:85,0
DA:96,0
DA:97,0
DA:99,0
DA:101,0
DA:111,0
DA:116,0
DA:125,0
DA:134,0
DA:135,0
DA:136,0
DA:140,0
DA:149,0
DA:150,0
DA:151,0
DA:155,0
DA:156,0
DA:158,0
DA:159,0
DA:167,0
DA:179,0
DA:189,0
DA:197,0
DA:203,3
DA:215,3
DA:220,1
LF:41
LH:5
BRDA:39,0,0,2
BRDA:39,0,1,8
BRDA:40,1,0,8
BRDA:40,1,1,0
BRDA:52,2,0,0
BRDA:52,2,1,0
BRDA:99,3,0,0
BRDA:99,3,1,0
BRDA:99,4,0,0
BRDA:99,4,1,0
BRDA:137,5,0,0
BRDA:137,5,1,0
BRDA:155,6,0,0
BRDA:155,6,1,0
BRDA:205,7,0,3
BRDA:205,7,1,1
BRDA:206,8,0,3
BRDA:206,8,1,2
BRDA:207,9,0,3
BRDA:207,9,1,2
BRDA:208,10,0,3
BRDA:208,10,1,2
BRDA:217,11,0,3
BRDA:217,11,1,1
BRDA:218,12,0,3
BRDA:218,12,1,2
BRDA:219,13,0,3
BRDA:219,13,1,2
BRDA:220,14,0,3
BRDA:220,14,1,1
BRDA:225,15,0,3
BRDA:225,15,1,1
BRF:32
BRH:21
end_of_record
TN:
SF:src/services/invitations.ts
FN:27,invitationsCollection
FN:31,invitationDoc
FN:35,cardDoc
FN:46,sendInvitation
FN:82,acceptInvitation
FN:96,declineInvitation
FN:103,onPendingInvitations
FN:117,(anonymous_7)
FN:118,(anonymous_8)
FN:133,(anonymous_9)
FNF:10
FNH:7
FNDA:2,invitationsCollection
FNDA:2,invitationDoc
FNDA:1,cardDoc
FNDA:3,sendInvitation
FNDA:1,acceptInvitation
FNDA:1,declineInvitation
FNDA:1,onPendingInvitations
FNDA:0,(anonymous_7)
FNDA:0,(anonymous_8)
FNDA:0,(anonymous_9)
DA:28,2
DA:32,2
DA:36,1
DA:51,3
DA:54,3
DA:55,3
DA:56,1
DA:61,2
DA:62,1
DA:68,1
DA:78,1
DA:87,1
DA:88,1
DA:89,1
DA:92,1
DA:97,1
DA:108,1
DA:115,1
DA:118,0
DA:119,0
DA:120,0
DA:131,0
DA:134,0
LF:23
LH:18
BRDA:55,0,0,1
BRDA:55,0,1,2
BRDA:61,1,0,1
BRDA:61,1,1,1
BRDA:122,2,0,0
BRDA:122,2,1,0
BRDA:123,3,0,0
BRDA:123,3,1,0
BRDA:124,4,0,0
BRDA:124,4,1,0
BRDA:125,5,0,0
BRDA:125,5,1,0
BRDA:126,6,0,0
BRDA:126,6,1,0
BRDA:127,7,0,0
BRDA:127,7,1,0
BRDA:128,8,0,0
BRDA:128,8,1,0
BRF:18
BRH:4
end_of_record
TN:
SF:src/services/notifications.ts
FN:8,setupNotifications
FN:11,(anonymous_1)
FN:51,scheduleReminder
FN:81,cancelReminder
FN:92,cancelAllRemindersForTask
FN:98,(anonymous_5)
FNF:6
FNH:5
FNDA:1,setupNotifications
FNDA:0,(anonymous_1)
FNDA:2,scheduleReminder
FNDA:2,cancelReminder
FNDA:2,cancelAllRemindersForTask
FNDA:3,(anonymous_5)
DA:10,1
DA:11,0
DA:21,1
DA:22,1
DA:24,1
DA:25,0
DA:26,0
DA:29,1
DA:30,0
DA:31,0
DA:35,1
DA:36,0
DA:44,1
DA:58,2
DA:59,2
DA:61,1
DA:75,1
DA:84,2
DA:85,1
DA:95,2
DA:98,3
LF:21
LH:15
BRDA:24,0,0,0
BRDA:24,0,1,1
BRDA:29,1,0,0
BRDA:29,1,1,1
BRDA:35,2,0,0
BRDA:35,2,1,1
BRDA:59,3,0,1
BRDA:59,3,1,1
BRDA:67,4,0,0
BRDA:67,4,1,1
BRDA:84,5,0,1
BRDA:84,5,1,1
BRF:12
BRH:8
end_of_record
TN:
SF:src/services/users.ts
FN:14,upsertUser
FN:41,findUserByEmail
FN:61,getUserByUid
FN:74,getUsersByUids
FN:80,(anonymous_4)
FNF:5
FNH:5
FNDA:1,upsertUser
FNDA:1,findUserByEmail
FNDA:3,getUserByUid
FNDA:1,getUsersByUids
FNDA:2,(anonymous_4)
DA:19,1
DA:20,1
DA:22,1
DA:24,0
DA:30,1
DA:44,1
DA:48,1
DA:50,1
DA:52,0
DA:53,0
DA:64,3
DA:65,3
DA:66,0
DA:67,0
DA:77,1
DA:79,1
DA:81,2
DA:82,2
DA:85,1
LF:19
LH:14
BRDA:22,0,0,0
BRDA:22,0,1,1
BRDA:50,1,0,1
BRDA:50,1,1,0
BRDA:55,2,0,0
BRDA:55,2,1,0
BRDA:56,3,0,0
BRDA:56,3,1,0
BRDA:65,4,0,3
BRDA:65,4,1,0
BRDA:68,5,0,0
BRDA:68,5,1,0
BRDA:69,6,0,0
BRDA:69,6,1,0
BRDA:82,7,0,0
BRDA:82,7,1,2
BRF:16
BRH:4
end_of_record
TN:
SF:src/types/index.ts
FNF:0
FNH:0
LF:0
LH:0
BRF:0
BRH:0
end_of_record
